{"/Users/henriktoth0517/Documents/ELTE - IK/S4/szofttech/safari_game/vitorlas-devs/core/target/debug/build/safari-8e01bbf04b95df01/out/__global-api-script.js": {"path":"/Users/henriktoth0517/Documents/ELTE - IK/S4/szofttech/safari_game/vitorlas-devs/core/target/debug/build/safari-8e01bbf04b95df01/out/__global-api-script.js","all":true,"statementMap":{"0":{"start":{"line":1,"column":0},"end":{"line":1,"column":346}}},"s":{"0":0},"branchMap":{"0":{"type":"branch","line":1,"loc":{"start":{"line":1,"column":0},"end":{"line":1,"column":346}},"locations":[{"start":{"line":1,"column":0},"end":{"line":1,"column":346}}]}},"b":{"0":[0]},"fnMap":{"0":{"name":"(empty-report)","decl":{"start":{"line":1,"column":0},"end":{"line":1,"column":346}},"loc":{"start":{"line":1,"column":0},"end":{"line":1,"column":346}},"line":1}},"f":{"0":0}}
,"/Users/henriktoth0517/Documents/ELTE - IK/S4/szofttech/safari_game/vitorlas-devs/core/target/debug/build/safari-92a8037e82101745/out/__global-api-script.js": {"path":"/Users/henriktoth0517/Documents/ELTE - IK/S4/szofttech/safari_game/vitorlas-devs/core/target/debug/build/safari-92a8037e82101745/out/__global-api-script.js","all":true,"statementMap":{"0":{"start":{"line":1,"column":0},"end":{"line":1,"column":116}}},"s":{"0":0},"branchMap":{"0":{"type":"branch","line":1,"loc":{"start":{"line":1,"column":0},"end":{"line":1,"column":116}},"locations":[{"start":{"line":1,"column":0},"end":{"line":1,"column":116}}]}},"b":{"0":[0]},"fnMap":{"0":{"name":"(empty-report)","decl":{"start":{"line":1,"column":0},"end":{"line":1,"column":116}},"loc":{"start":{"line":1,"column":0},"end":{"line":1,"column":116}},"line":1}},"f":{"0":0}}
,"/Users/henriktoth0517/Documents/ELTE - IK/S4/szofttech/safari_game/vitorlas-devs/core/target/debug/build/safari-9d935f6937c5494d/out/__global-api-script.js": {"path":"/Users/henriktoth0517/Documents/ELTE - IK/S4/szofttech/safari_game/vitorlas-devs/core/target/debug/build/safari-9d935f6937c5494d/out/__global-api-script.js","all":true,"statementMap":{"0":{"start":{"line":1,"column":0},"end":{"line":1,"column":116}}},"s":{"0":0},"branchMap":{"0":{"type":"branch","line":1,"loc":{"start":{"line":1,"column":0},"end":{"line":1,"column":116}},"locations":[{"start":{"line":1,"column":0},"end":{"line":1,"column":116}}]}},"b":{"0":[0]},"fnMap":{"0":{"name":"(empty-report)","decl":{"start":{"line":1,"column":0},"end":{"line":1,"column":116}},"loc":{"start":{"line":1,"column":0},"end":{"line":1,"column":116}},"line":1}},"f":{"0":0}}
,"/Users/henriktoth0517/Documents/ELTE - IK/S4/szofttech/safari_game/vitorlas-devs/src/drawData.ts": {"path":"/Users/henriktoth0517/Documents/ELTE - IK/S4/szofttech/safari_game/vitorlas-devs/src/drawData.ts","all":false,"statementMap":{"0":{"start":{"line":1,"column":0},"end":{"line":1,"column":39}},"5":{"start":{"line":6,"column":0},"end":{"line":6,"column":40}},"6":{"start":{"line":7,"column":0},"end":{"line":7,"column":30}},"7":{"start":{"line":8,"column":0},"end":{"line":8,"column":52}},"8":{"start":{"line":9,"column":0},"end":{"line":9,"column":34}},"17":{"start":{"line":18,"column":0},"end":{"line":18,"column":49}},"18":{"start":{"line":19,"column":0},"end":{"line":19,"column":17}},"19":{"start":{"line":20,"column":0},"end":{"line":20,"column":27}},"20":{"start":{"line":21,"column":0},"end":{"line":21,"column":3}},"27":{"start":{"line":28,"column":0},"end":{"line":28,"column":52}},"28":{"start":{"line":29,"column":0},"end":{"line":29,"column":43}},"29":{"start":{"line":30,"column":0},"end":{"line":30,"column":60}},"30":{"start":{"line":31,"column":0},"end":{"line":31,"column":29}},"31":{"start":{"line":32,"column":0},"end":{"line":32,"column":3}},"38":{"start":{"line":39,"column":0},"end":{"line":39,"column":27}},"39":{"start":{"line":40,"column":0},"end":{"line":40,"column":19}},"40":{"start":{"line":41,"column":0},"end":{"line":41,"column":3}},"47":{"start":{"line":48,"column":0},"end":{"line":48,"column":49}},"48":{"start":{"line":49,"column":0},"end":{"line":49,"column":25}},"49":{"start":{"line":50,"column":0},"end":{"line":50,"column":3}},"56":{"start":{"line":57,"column":0},"end":{"line":57,"column":54}},"57":{"start":{"line":58,"column":0},"end":{"line":58,"column":31}},"58":{"start":{"line":59,"column":0},"end":{"line":59,"column":31}},"59":{"start":{"line":60,"column":0},"end":{"line":60,"column":3}},"67":{"start":{"line":68,"column":0},"end":{"line":68,"column":30}},"68":{"start":{"line":69,"column":0},"end":{"line":69,"column":58}},"69":{"start":{"line":70,"column":0},"end":{"line":70,"column":3}},"76":{"start":{"line":77,"column":0},"end":{"line":77,"column":31}},"77":{"start":{"line":78,"column":0},"end":{"line":78,"column":32}},"78":{"start":{"line":79,"column":0},"end":{"line":79,"column":3}},"85":{"start":{"line":86,"column":0},"end":{"line":86,"column":33}},"86":{"start":{"line":87,"column":0},"end":{"line":87,"column":31}},"87":{"start":{"line":88,"column":0},"end":{"line":88,"column":3}},"95":{"start":{"line":96,"column":0},"end":{"line":96,"column":46}},"96":{"start":{"line":97,"column":0},"end":{"line":97,"column":38}},"97":{"start":{"line":98,"column":0},"end":{"line":98,"column":3}},"106":{"start":{"line":107,"column":0},"end":{"line":107,"column":1}}},"s":{"0":1,"5":1,"6":15022,"7":15022,"8":15022,"17":15022,"18":15022,"19":15022,"20":15022,"27":15022,"28":15011,"29":15011,"30":15011,"31":15011,"38":15022,"39":0,"40":0,"47":15022,"48":15,"49":15,"56":15022,"57":0,"58":0,"59":0,"67":15022,"68":1,"69":1,"76":15022,"77":4,"78":4,"85":15022,"86":15,"87":15,"95":15022,"96":4,"97":4,"106":15022},"branchMap":{"0":{"type":"branch","line":6,"loc":{"start":{"line":6,"column":39},"end":{"line":107,"column":1}},"locations":[{"start":{"line":6,"column":39},"end":{"line":107,"column":1}}]},"1":{"type":"branch","line":18,"loc":{"start":{"line":18,"column":2},"end":{"line":21,"column":3}},"locations":[{"start":{"line":18,"column":2},"end":{"line":21,"column":3}}]},"2":{"type":"branch","line":28,"loc":{"start":{"line":28,"column":24},"end":{"line":32,"column":3}},"locations":[{"start":{"line":28,"column":24},"end":{"line":32,"column":3}}]},"3":{"type":"branch","line":48,"loc":{"start":{"line":48,"column":2},"end":{"line":50,"column":3}},"locations":[{"start":{"line":48,"column":2},"end":{"line":50,"column":3}}]},"4":{"type":"branch","line":68,"loc":{"start":{"line":68,"column":2},"end":{"line":70,"column":3}},"locations":[{"start":{"line":68,"column":2},"end":{"line":70,"column":3}}]},"5":{"type":"branch","line":77,"loc":{"start":{"line":77,"column":2},"end":{"line":79,"column":3}},"locations":[{"start":{"line":77,"column":2},"end":{"line":79,"column":3}}]},"6":{"type":"branch","line":86,"loc":{"start":{"line":86,"column":2},"end":{"line":88,"column":3}},"locations":[{"start":{"line":86,"column":2},"end":{"line":88,"column":3}}]},"7":{"type":"branch","line":96,"loc":{"start":{"line":96,"column":19},"end":{"line":98,"column":3}},"locations":[{"start":{"line":96,"column":19},"end":{"line":98,"column":3}}]}},"b":{"0":[15022],"1":[15022],"2":[15011],"3":[15],"4":[1],"5":[4],"6":[15],"7":[4]},"fnMap":{"0":{"name":"<instance_members_initializer>","decl":{"start":{"line":6,"column":39},"end":{"line":107,"column":1}},"loc":{"start":{"line":6,"column":39},"end":{"line":107,"column":1}},"line":6},"1":{"name":"DrawData","decl":{"start":{"line":18,"column":2},"end":{"line":21,"column":3}},"loc":{"start":{"line":18,"column":2},"end":{"line":21,"column":3}},"line":18},"2":{"name":"loadJsonData","decl":{"start":{"line":28,"column":24},"end":{"line":32,"column":3}},"loc":{"start":{"line":28,"column":24},"end":{"line":32,"column":3}},"line":28},"3":{"name":"get id","decl":{"start":{"line":39,"column":2},"end":{"line":41,"column":3}},"loc":{"start":{"line":39,"column":2},"end":{"line":41,"column":3}},"line":39},"4":{"name":"get position","decl":{"start":{"line":48,"column":2},"end":{"line":50,"column":3}},"loc":{"start":{"line":48,"column":2},"end":{"line":50,"column":3}},"line":48},"5":{"name":"set position","decl":{"start":{"line":57,"column":2},"end":{"line":60,"column":3}},"loc":{"start":{"line":57,"column":2},"end":{"line":60,"column":3}},"line":57},"6":{"name":"get image","decl":{"start":{"line":68,"column":2},"end":{"line":70,"column":3}},"loc":{"start":{"line":68,"column":2},"end":{"line":70,"column":3}},"line":68},"7":{"name":"get zIndex","decl":{"start":{"line":77,"column":2},"end":{"line":79,"column":3}},"loc":{"start":{"line":77,"column":2},"end":{"line":79,"column":3}},"line":77},"8":{"name":"get scale","decl":{"start":{"line":86,"column":2},"end":{"line":88,"column":3}},"loc":{"start":{"line":86,"column":2},"end":{"line":88,"column":3}},"line":86},"9":{"name":"getSize","decl":{"start":{"line":96,"column":19},"end":{"line":98,"column":3}},"loc":{"start":{"line":96,"column":19},"end":{"line":98,"column":3}},"line":96}},"f":{"0":15022,"1":15022,"2":15011,"3":0,"4":15,"5":0,"6":1,"7":4,"8":15,"9":4}}
,"/Users/henriktoth0517/Documents/ELTE - IK/S4/szofttech/safari_game/vitorlas-devs/src/main.ts": {"path":"/Users/henriktoth0517/Documents/ELTE - IK/S4/szofttech/safari_game/vitorlas-devs/src/main.ts","all":true,"statementMap":{"0":{"start":{"line":1,"column":0},"end":{"line":1,"column":41}},"1":{"start":{"line":2,"column":0},"end":{"line":2,"column":37}},"2":{"start":{"line":3,"column":0},"end":{"line":3,"column":0}},"3":{"start":{"line":4,"column":0},"end":{"line":4,"column":75}},"4":{"start":{"line":5,"column":0},"end":{"line":5,"column":48}}},"s":{"0":0,"1":0,"2":0,"3":0,"4":0},"branchMap":{"0":{"type":"branch","line":1,"loc":{"start":{"line":1,"column":0},"end":{"line":5,"column":48}},"locations":[{"start":{"line":1,"column":0},"end":{"line":5,"column":48}}]}},"b":{"0":[0]},"fnMap":{"0":{"name":"(empty-report)","decl":{"start":{"line":1,"column":0},"end":{"line":5,"column":48}},"loc":{"start":{"line":1,"column":0},"end":{"line":5,"column":48}},"line":1}},"f":{"0":0}}
,"/Users/henriktoth0517/Documents/ELTE - IK/S4/szofttech/safari_game/vitorlas-devs/src/map.ts": {"path":"/Users/henriktoth0517/Documents/ELTE - IK/S4/szofttech/safari_game/vitorlas-devs/src/map.ts","all":false,"statementMap":{"5":{"start":{"line":6,"column":0},"end":{"line":6,"column":37}},"6":{"start":{"line":7,"column":0},"end":{"line":7,"column":33}},"7":{"start":{"line":8,"column":0},"end":{"line":8,"column":39}},"8":{"start":{"line":9,"column":0},"end":{"line":9,"column":37}},"9":{"start":{"line":10,"column":0},"end":{"line":10,"column":39}},"10":{"start":{"line":11,"column":0},"end":{"line":11,"column":31}},"11":{"start":{"line":12,"column":0},"end":{"line":12,"column":31}},"12":{"start":{"line":13,"column":0},"end":{"line":13,"column":31}},"13":{"start":{"line":14,"column":0},"end":{"line":14,"column":8}},"21":{"start":{"line":22,"column":0},"end":{"line":22,"column":8}},"34":{"start":{"line":35,"column":0},"end":{"line":35,"column":26}},"35":{"start":{"line":36,"column":0},"end":{"line":36,"column":46}},"37":{"start":{"line":38,"column":0},"end":{"line":38,"column":26}},"38":{"start":{"line":39,"column":0},"end":{"line":39,"column":28}},"39":{"start":{"line":40,"column":0},"end":{"line":40,"column":24}},"40":{"start":{"line":41,"column":0},"end":{"line":41,"column":25}},"41":{"start":{"line":42,"column":0},"end":{"line":42,"column":48}},"42":{"start":{"line":43,"column":0},"end":{"line":43,"column":31}},"43":{"start":{"line":44,"column":0},"end":{"line":44,"column":37}},"44":{"start":{"line":45,"column":0},"end":{"line":45,"column":26}},"45":{"start":{"line":46,"column":0},"end":{"line":46,"column":36}},"46":{"start":{"line":47,"column":0},"end":{"line":47,"column":29}},"47":{"start":{"line":48,"column":0},"end":{"line":48,"column":31}},"49":{"start":{"line":50,"column":0},"end":{"line":50,"column":27}},"62":{"start":{"line":63,"column":0},"end":{"line":63,"column":30}},"63":{"start":{"line":64,"column":0},"end":{"line":64,"column":22}},"64":{"start":{"line":65,"column":0},"end":{"line":65,"column":3}},"71":{"start":{"line":72,"column":0},"end":{"line":72,"column":31}},"72":{"start":{"line":73,"column":0},"end":{"line":73,"column":23}},"73":{"start":{"line":74,"column":0},"end":{"line":74,"column":3}},"80":{"start":{"line":81,"column":0},"end":{"line":81,"column":49}},"81":{"start":{"line":82,"column":0},"end":{"line":82,"column":23}},"82":{"start":{"line":83,"column":0},"end":{"line":83,"column":3}},"89":{"start":{"line":90,"column":0},"end":{"line":90,"column":38}},"90":{"start":{"line":91,"column":0},"end":{"line":91,"column":17}},"91":{"start":{"line":92,"column":0},"end":{"line":92,"column":41}},"92":{"start":{"line":93,"column":0},"end":{"line":93,"column":53}},"93":{"start":{"line":94,"column":0},"end":{"line":94,"column":15}},"94":{"start":{"line":95,"column":0},"end":{"line":95,"column":7}},"95":{"start":{"line":96,"column":0},"end":{"line":96,"column":5}},"96":{"start":{"line":97,"column":0},"end":{"line":97,"column":16}},"97":{"start":{"line":98,"column":0},"end":{"line":98,"column":3}},"104":{"start":{"line":105,"column":0},"end":{"line":105,"column":38}},"105":{"start":{"line":106,"column":0},"end":{"line":106,"column":17}},"106":{"start":{"line":107,"column":0},"end":{"line":107,"column":41}},"107":{"start":{"line":108,"column":0},"end":{"line":108,"column":53}},"108":{"start":{"line":109,"column":0},"end":{"line":109,"column":15}},"109":{"start":{"line":110,"column":0},"end":{"line":110,"column":7}},"110":{"start":{"line":111,"column":0},"end":{"line":111,"column":5}},"111":{"start":{"line":112,"column":0},"end":{"line":112,"column":16}},"112":{"start":{"line":113,"column":0},"end":{"line":113,"column":3}},"119":{"start":{"line":120,"column":0},"end":{"line":120,"column":42}},"120":{"start":{"line":121,"column":0},"end":{"line":121,"column":34}},"121":{"start":{"line":122,"column":0},"end":{"line":122,"column":3}},"128":{"start":{"line":129,"column":0},"end":{"line":129,"column":41}},"129":{"start":{"line":130,"column":0},"end":{"line":130,"column":36}},"130":{"start":{"line":131,"column":0},"end":{"line":131,"column":3}},"138":{"start":{"line":139,"column":0},"end":{"line":139,"column":46}},"139":{"start":{"line":140,"column":0},"end":{"line":140,"column":23}},"140":{"start":{"line":141,"column":0},"end":{"line":141,"column":25}},"141":{"start":{"line":142,"column":0},"end":{"line":142,"column":20}},"142":{"start":{"line":143,"column":0},"end":{"line":143,"column":22}},"143":{"start":{"line":144,"column":0},"end":{"line":144,"column":21}},"144":{"start":{"line":145,"column":0},"end":{"line":145,"column":27}},"145":{"start":{"line":146,"column":0},"end":{"line":146,"column":30}},"146":{"start":{"line":147,"column":0},"end":{"line":147,"column":20}},"147":{"start":{"line":148,"column":0},"end":{"line":148,"column":31}},"148":{"start":{"line":149,"column":0},"end":{"line":149,"column":28}},"149":{"start":{"line":150,"column":0},"end":{"line":150,"column":24}},"150":{"start":{"line":151,"column":0},"end":{"line":151,"column":26}},"152":{"start":{"line":153,"column":0},"end":{"line":153,"column":50}},"153":{"start":{"line":154,"column":0},"end":{"line":154,"column":31}},"154":{"start":{"line":155,"column":0},"end":{"line":155,"column":6}},"155":{"start":{"line":156,"column":0},"end":{"line":156,"column":53}},"156":{"start":{"line":157,"column":0},"end":{"line":157,"column":32}},"157":{"start":{"line":158,"column":0},"end":{"line":158,"column":6}},"158":{"start":{"line":159,"column":0},"end":{"line":159,"column":48}},"159":{"start":{"line":160,"column":0},"end":{"line":160,"column":29}},"160":{"start":{"line":161,"column":0},"end":{"line":161,"column":35}},"161":{"start":{"line":162,"column":0},"end":{"line":162,"column":34}},"162":{"start":{"line":163,"column":0},"end":{"line":163,"column":6}},"164":{"start":{"line":165,"column":0},"end":{"line":165,"column":51}},"165":{"start":{"line":166,"column":0},"end":{"line":166,"column":34}},"166":{"start":{"line":167,"column":0},"end":{"line":167,"column":62}},"168":{"start":{"line":169,"column":0},"end":{"line":169,"column":25}},"169":{"start":{"line":170,"column":0},"end":{"line":170,"column":33}},"170":{"start":{"line":171,"column":0},"end":{"line":171,"column":36}},"171":{"start":{"line":172,"column":0},"end":{"line":172,"column":7}},"172":{"start":{"line":173,"column":0},"end":{"line":173,"column":6}},"174":{"start":{"line":175,"column":0},"end":{"line":175,"column":82}},"175":{"start":{"line":176,"column":0},"end":{"line":176,"column":72}},"176":{"start":{"line":177,"column":0},"end":{"line":177,"column":36}},"178":{"start":{"line":179,"column":0},"end":{"line":179,"column":52}},"179":{"start":{"line":180,"column":0},"end":{"line":180,"column":76}},"180":{"start":{"line":181,"column":0},"end":{"line":181,"column":7}},"182":{"start":{"line":183,"column":0},"end":{"line":183,"column":55}},"183":{"start":{"line":184,"column":0},"end":{"line":184,"column":59}},"185":{"start":{"line":186,"column":0},"end":{"line":186,"column":35}},"186":{"start":{"line":187,"column":0},"end":{"line":187,"column":47}},"187":{"start":{"line":188,"column":0},"end":{"line":188,"column":73}},"188":{"start":{"line":189,"column":0},"end":{"line":189,"column":23}},"189":{"start":{"line":190,"column":0},"end":{"line":190,"column":7}},"190":{"start":{"line":191,"column":0},"end":{"line":191,"column":12}},"191":{"start":{"line":192,"column":0},"end":{"line":192,"column":23}},"192":{"start":{"line":193,"column":0},"end":{"line":193,"column":44}},"193":{"start":{"line":194,"column":0},"end":{"line":194,"column":9}},"194":{"start":{"line":195,"column":0},"end":{"line":195,"column":34}},"195":{"start":{"line":196,"column":0},"end":{"line":196,"column":18}},"196":{"start":{"line":197,"column":0},"end":{"line":197,"column":27}},"197":{"start":{"line":198,"column":0},"end":{"line":198,"column":27}},"198":{"start":{"line":199,"column":0},"end":{"line":199,"column":23}},"199":{"start":{"line":200,"column":0},"end":{"line":200,"column":25}},"200":{"start":{"line":201,"column":0},"end":{"line":201,"column":10}},"201":{"start":{"line":202,"column":0},"end":{"line":202,"column":59}},"202":{"start":{"line":203,"column":0},"end":{"line":203,"column":7}},"203":{"start":{"line":204,"column":0},"end":{"line":204,"column":6}},"204":{"start":{"line":205,"column":0},"end":{"line":205,"column":3}},"213":{"start":{"line":214,"column":0},"end":{"line":214,"column":86}},"214":{"start":{"line":215,"column":0},"end":{"line":215,"column":43}},"215":{"start":{"line":216,"column":0},"end":{"line":216,"column":25}},"216":{"start":{"line":217,"column":0},"end":{"line":217,"column":46}},"217":{"start":{"line":218,"column":0},"end":{"line":218,"column":42}},"218":{"start":{"line":219,"column":0},"end":{"line":219,"column":38}},"219":{"start":{"line":220,"column":0},"end":{"line":220,"column":7}},"220":{"start":{"line":221,"column":0},"end":{"line":221,"column":5}},"221":{"start":{"line":222,"column":0},"end":{"line":222,"column":59}},"222":{"start":{"line":223,"column":0},"end":{"line":223,"column":38}},"223":{"start":{"line":224,"column":0},"end":{"line":224,"column":23}},"225":{"start":{"line":226,"column":0},"end":{"line":226,"column":33}},"226":{"start":{"line":227,"column":0},"end":{"line":227,"column":35}},"227":{"start":{"line":228,"column":0},"end":{"line":228,"column":7}},"228":{"start":{"line":229,"column":0},"end":{"line":229,"column":5}},"230":{"start":{"line":231,"column":0},"end":{"line":231,"column":36}},"231":{"start":{"line":232,"column":0},"end":{"line":232,"column":40}},"233":{"start":{"line":234,"column":0},"end":{"line":234,"column":42}},"234":{"start":{"line":235,"column":0},"end":{"line":235,"column":34}},"236":{"start":{"line":237,"column":0},"end":{"line":237,"column":36}},"237":{"start":{"line":238,"column":0},"end":{"line":238,"column":39}},"238":{"start":{"line":239,"column":0},"end":{"line":239,"column":38}},"239":{"start":{"line":240,"column":0},"end":{"line":240,"column":34}},"249":{"start":{"line":250,"column":0},"end":{"line":250,"column":3}},"257":{"start":{"line":258,"column":0},"end":{"line":258,"column":72}},"258":{"start":{"line":259,"column":0},"end":{"line":259,"column":33}},"259":{"start":{"line":260,"column":0},"end":{"line":260,"column":56}},"260":{"start":{"line":261,"column":0},"end":{"line":261,"column":57}},"261":{"start":{"line":262,"column":0},"end":{"line":262,"column":58}},"262":{"start":{"line":263,"column":0},"end":{"line":263,"column":48}},"264":{"start":{"line":265,"column":0},"end":{"line":265,"column":42}},"265":{"start":{"line":266,"column":0},"end":{"line":266,"column":57}},"266":{"start":{"line":267,"column":0},"end":{"line":267,"column":21}},"267":{"start":{"line":268,"column":0},"end":{"line":268,"column":29}},"268":{"start":{"line":269,"column":0},"end":{"line":269,"column":32}},"269":{"start":{"line":270,"column":0},"end":{"line":270,"column":11}},"270":{"start":{"line":271,"column":0},"end":{"line":271,"column":15}},"271":{"start":{"line":272,"column":0},"end":{"line":272,"column":9}},"272":{"start":{"line":273,"column":0},"end":{"line":273,"column":7}},"273":{"start":{"line":274,"column":0},"end":{"line":274,"column":5}},"274":{"start":{"line":275,"column":0},"end":{"line":275,"column":3}},"281":{"start":{"line":282,"column":0},"end":{"line":282,"column":51}},"282":{"start":{"line":283,"column":0},"end":{"line":283,"column":33}},"283":{"start":{"line":284,"column":0},"end":{"line":284,"column":55}},"284":{"start":{"line":285,"column":0},"end":{"line":285,"column":56}},"285":{"start":{"line":286,"column":0},"end":{"line":286,"column":111}},"286":{"start":{"line":287,"column":0},"end":{"line":287,"column":55}},"287":{"start":{"line":288,"column":0},"end":{"line":288,"column":19}},"288":{"start":{"line":289,"column":0},"end":{"line":289,"column":27}},"289":{"start":{"line":290,"column":0},"end":{"line":290,"column":30}},"290":{"start":{"line":291,"column":0},"end":{"line":291,"column":7}},"291":{"start":{"line":292,"column":0},"end":{"line":292,"column":5}},"293":{"start":{"line":294,"column":0},"end":{"line":294,"column":33}},"294":{"start":{"line":295,"column":0},"end":{"line":295,"column":55}},"295":{"start":{"line":296,"column":0},"end":{"line":296,"column":56}},"296":{"start":{"line":297,"column":0},"end":{"line":297,"column":111}},"297":{"start":{"line":298,"column":0},"end":{"line":298,"column":55}},"298":{"start":{"line":299,"column":0},"end":{"line":299,"column":19}},"299":{"start":{"line":300,"column":0},"end":{"line":300,"column":27}},"300":{"start":{"line":301,"column":0},"end":{"line":301,"column":30}},"301":{"start":{"line":302,"column":0},"end":{"line":302,"column":7}},"302":{"start":{"line":303,"column":0},"end":{"line":303,"column":5}},"303":{"start":{"line":304,"column":0},"end":{"line":304,"column":3}},"309":{"start":{"line":310,"column":0},"end":{"line":310,"column":52}},"310":{"start":{"line":311,"column":0},"end":{"line":311,"column":38}},"311":{"start":{"line":312,"column":0},"end":{"line":312,"column":49}},"312":{"start":{"line":313,"column":0},"end":{"line":313,"column":14}},"313":{"start":{"line":314,"column":0},"end":{"line":314,"column":5}},"314":{"start":{"line":315,"column":0},"end":{"line":315,"column":38}},"315":{"start":{"line":316,"column":0},"end":{"line":316,"column":3}},"322":{"start":{"line":323,"column":0},"end":{"line":323,"column":50}},"323":{"start":{"line":324,"column":0},"end":{"line":324,"column":45}},"324":{"start":{"line":325,"column":0},"end":{"line":325,"column":38}},"325":{"start":{"line":326,"column":0},"end":{"line":326,"column":61}},"326":{"start":{"line":327,"column":0},"end":{"line":327,"column":63}},"327":{"start":{"line":328,"column":0},"end":{"line":328,"column":15}},"329":{"start":{"line":330,"column":0},"end":{"line":330,"column":37}},"330":{"start":{"line":331,"column":0},"end":{"line":331,"column":39}},"331":{"start":{"line":332,"column":0},"end":{"line":332,"column":37}},"332":{"start":{"line":333,"column":0},"end":{"line":333,"column":5}},"334":{"start":{"line":335,"column":0},"end":{"line":335,"column":62}},"335":{"start":{"line":336,"column":0},"end":{"line":336,"column":81}},"337":{"start":{"line":338,"column":0},"end":{"line":338,"column":51}},"338":{"start":{"line":339,"column":0},"end":{"line":339,"column":27}},"339":{"start":{"line":340,"column":0},"end":{"line":340,"column":25}},"341":{"start":{"line":342,"column":0},"end":{"line":342,"column":16}},"342":{"start":{"line":343,"column":0},"end":{"line":343,"column":12}},"344":{"start":{"line":345,"column":0},"end":{"line":345,"column":44}},"345":{"start":{"line":346,"column":0},"end":{"line":346,"column":45}},"346":{"start":{"line":347,"column":0},"end":{"line":347,"column":17}},"347":{"start":{"line":348,"column":0},"end":{"line":348,"column":32}},"348":{"start":{"line":349,"column":0},"end":{"line":349,"column":35}},"349":{"start":{"line":350,"column":0},"end":{"line":350,"column":59}},"350":{"start":{"line":351,"column":0},"end":{"line":351,"column":36}},"351":{"start":{"line":352,"column":0},"end":{"line":352,"column":30}},"352":{"start":{"line":353,"column":0},"end":{"line":353,"column":7}},"353":{"start":{"line":354,"column":0},"end":{"line":354,"column":5}},"354":{"start":{"line":355,"column":0},"end":{"line":355,"column":3}},"360":{"start":{"line":361,"column":0},"end":{"line":361,"column":50}},"361":{"start":{"line":362,"column":0},"end":{"line":362,"column":26}},"363":{"start":{"line":364,"column":0},"end":{"line":364,"column":68}},"364":{"start":{"line":365,"column":0},"end":{"line":365,"column":26}},"366":{"start":{"line":367,"column":0},"end":{"line":367,"column":51}},"367":{"start":{"line":368,"column":0},"end":{"line":368,"column":82}},"369":{"start":{"line":370,"column":0},"end":{"line":370,"column":40}},"370":{"start":{"line":371,"column":0},"end":{"line":371,"column":5}},"371":{"start":{"line":372,"column":0},"end":{"line":372,"column":3}},"377":{"start":{"line":378,"column":0},"end":{"line":378,"column":48}},"378":{"start":{"line":379,"column":0},"end":{"line":379,"column":28}},"380":{"start":{"line":381,"column":0},"end":{"line":381,"column":68}},"381":{"start":{"line":382,"column":0},"end":{"line":382,"column":28}},"382":{"start":{"line":383,"column":0},"end":{"line":383,"column":55}},"383":{"start":{"line":384,"column":0},"end":{"line":384,"column":56}},"385":{"start":{"line":386,"column":0},"end":{"line":386,"column":76}},"386":{"start":{"line":387,"column":0},"end":{"line":387,"column":26}},"387":{"start":{"line":388,"column":0},"end":{"line":388,"column":29}},"388":{"start":{"line":389,"column":0},"end":{"line":389,"column":5}},"389":{"start":{"line":390,"column":0},"end":{"line":390,"column":3}},"394":{"start":{"line":395,"column":0},"end":{"line":395,"column":44}},"395":{"start":{"line":396,"column":0},"end":{"line":396,"column":52}},"396":{"start":{"line":397,"column":0},"end":{"line":397,"column":98}},"397":{"start":{"line":398,"column":0},"end":{"line":398,"column":63}},"398":{"start":{"line":399,"column":0},"end":{"line":399,"column":34}},"399":{"start":{"line":400,"column":0},"end":{"line":400,"column":53}},"400":{"start":{"line":401,"column":0},"end":{"line":401,"column":58}},"401":{"start":{"line":402,"column":0},"end":{"line":402,"column":68}},"402":{"start":{"line":403,"column":0},"end":{"line":403,"column":26}},"403":{"start":{"line":404,"column":0},"end":{"line":404,"column":37}},"404":{"start":{"line":405,"column":0},"end":{"line":405,"column":34}},"405":{"start":{"line":406,"column":0},"end":{"line":406,"column":37}},"406":{"start":{"line":407,"column":0},"end":{"line":407,"column":11}},"407":{"start":{"line":408,"column":0},"end":{"line":408,"column":9}},"408":{"start":{"line":409,"column":0},"end":{"line":409,"column":58}},"409":{"start":{"line":410,"column":0},"end":{"line":410,"column":68}},"410":{"start":{"line":411,"column":0},"end":{"line":411,"column":26}},"411":{"start":{"line":412,"column":0},"end":{"line":412,"column":37}},"412":{"start":{"line":413,"column":0},"end":{"line":413,"column":34}},"413":{"start":{"line":414,"column":0},"end":{"line":414,"column":37}},"414":{"start":{"line":415,"column":0},"end":{"line":415,"column":11}},"415":{"start":{"line":416,"column":0},"end":{"line":416,"column":9}},"416":{"start":{"line":417,"column":0},"end":{"line":417,"column":7}},"417":{"start":{"line":418,"column":0},"end":{"line":418,"column":5}},"418":{"start":{"line":419,"column":0},"end":{"line":419,"column":3}},"426":{"start":{"line":427,"column":0},"end":{"line":427,"column":68}},"427":{"start":{"line":428,"column":0},"end":{"line":428,"column":46}},"428":{"start":{"line":429,"column":0},"end":{"line":429,"column":87}},"429":{"start":{"line":430,"column":0},"end":{"line":430,"column":17}},"430":{"start":{"line":431,"column":0},"end":{"line":431,"column":104}},"431":{"start":{"line":432,"column":0},"end":{"line":432,"column":104}},"432":{"start":{"line":433,"column":0},"end":{"line":433,"column":30}},"433":{"start":{"line":434,"column":0},"end":{"line":434,"column":30}},"434":{"start":{"line":435,"column":0},"end":{"line":435,"column":17}},"435":{"start":{"line":436,"column":0},"end":{"line":436,"column":3}},"442":{"start":{"line":443,"column":0},"end":{"line":443,"column":35}},"443":{"start":{"line":444,"column":0},"end":{"line":444,"column":54}},"444":{"start":{"line":445,"column":0},"end":{"line":445,"column":41}},"445":{"start":{"line":446,"column":0},"end":{"line":446,"column":55}},"446":{"start":{"line":447,"column":0},"end":{"line":447,"column":36}},"447":{"start":{"line":448,"column":0},"end":{"line":448,"column":70}},"448":{"start":{"line":449,"column":0},"end":{"line":449,"column":7}},"449":{"start":{"line":450,"column":0},"end":{"line":450,"column":5}},"450":{"start":{"line":451,"column":0},"end":{"line":451,"column":57}},"451":{"start":{"line":452,"column":0},"end":{"line":452,"column":41}},"452":{"start":{"line":453,"column":0},"end":{"line":453,"column":42}},"454":{"start":{"line":455,"column":0},"end":{"line":455,"column":24}},"455":{"start":{"line":456,"column":0},"end":{"line":456,"column":3}},"463":{"start":{"line":464,"column":0},"end":{"line":464,"column":57}},"464":{"start":{"line":465,"column":0},"end":{"line":465,"column":44}},"465":{"start":{"line":466,"column":0},"end":{"line":466,"column":34}},"466":{"start":{"line":467,"column":0},"end":{"line":467,"column":31}},"467":{"start":{"line":468,"column":0},"end":{"line":468,"column":31}},"468":{"start":{"line":469,"column":0},"end":{"line":469,"column":28}},"470":{"start":{"line":471,"column":0},"end":{"line":471,"column":60}},"471":{"start":{"line":472,"column":0},"end":{"line":472,"column":62}},"472":{"start":{"line":473,"column":0},"end":{"line":473,"column":44}},"473":{"start":{"line":474,"column":0},"end":{"line":474,"column":44}},"474":{"start":{"line":475,"column":0},"end":{"line":475,"column":86}},"475":{"start":{"line":476,"column":0},"end":{"line":476,"column":47}},"476":{"start":{"line":477,"column":0},"end":{"line":477,"column":9}},"477":{"start":{"line":478,"column":0},"end":{"line":478,"column":7}},"478":{"start":{"line":479,"column":0},"end":{"line":479,"column":5}},"479":{"start":{"line":480,"column":0},"end":{"line":480,"column":16}},"480":{"start":{"line":481,"column":0},"end":{"line":481,"column":3}},"488":{"start":{"line":489,"column":0},"end":{"line":489,"column":60}},"489":{"start":{"line":490,"column":0},"end":{"line":490,"column":44}},"490":{"start":{"line":491,"column":0},"end":{"line":491,"column":34}},"491":{"start":{"line":492,"column":0},"end":{"line":492,"column":31}},"492":{"start":{"line":493,"column":0},"end":{"line":493,"column":31}},"494":{"start":{"line":495,"column":0},"end":{"line":495,"column":50}},"495":{"start":{"line":496,"column":0},"end":{"line":496,"column":33}},"496":{"start":{"line":497,"column":0},"end":{"line":497,"column":20}},"497":{"start":{"line":498,"column":0},"end":{"line":498,"column":51}},"498":{"start":{"line":499,"column":0},"end":{"line":499,"column":14}},"499":{"start":{"line":500,"column":0},"end":{"line":500,"column":38}},"500":{"start":{"line":501,"column":0},"end":{"line":501,"column":41}},"501":{"start":{"line":502,"column":0},"end":{"line":502,"column":41}},"502":{"start":{"line":503,"column":0},"end":{"line":503,"column":41}},"504":{"start":{"line":505,"column":0},"end":{"line":505,"column":6}},"505":{"start":{"line":506,"column":0},"end":{"line":506,"column":3}},"513":{"start":{"line":514,"column":0},"end":{"line":514,"column":61}},"514":{"start":{"line":515,"column":0},"end":{"line":515,"column":36}},"515":{"start":{"line":516,"column":0},"end":{"line":516,"column":38}},"516":{"start":{"line":517,"column":0},"end":{"line":517,"column":19}},"517":{"start":{"line":518,"column":0},"end":{"line":518,"column":45}},"518":{"start":{"line":519,"column":0},"end":{"line":519,"column":48}},"519":{"start":{"line":520,"column":0},"end":{"line":520,"column":52}},"520":{"start":{"line":521,"column":0},"end":{"line":521,"column":9}},"521":{"start":{"line":522,"column":0},"end":{"line":522,"column":7}},"522":{"start":{"line":523,"column":0},"end":{"line":523,"column":43}},"523":{"start":{"line":524,"column":0},"end":{"line":524,"column":40}},"524":{"start":{"line":525,"column":0},"end":{"line":525,"column":31}},"525":{"start":{"line":526,"column":0},"end":{"line":526,"column":43}},"526":{"start":{"line":527,"column":0},"end":{"line":527,"column":9}},"527":{"start":{"line":528,"column":0},"end":{"line":528,"column":14}},"528":{"start":{"line":529,"column":0},"end":{"line":529,"column":41}},"529":{"start":{"line":530,"column":0},"end":{"line":530,"column":9}},"530":{"start":{"line":531,"column":0},"end":{"line":531,"column":7}},"532":{"start":{"line":533,"column":0},"end":{"line":533,"column":22}},"533":{"start":{"line":534,"column":0},"end":{"line":534,"column":5}},"535":{"start":{"line":536,"column":0},"end":{"line":536,"column":43}},"536":{"start":{"line":537,"column":0},"end":{"line":537,"column":46}},"537":{"start":{"line":538,"column":0},"end":{"line":538,"column":38}},"538":{"start":{"line":539,"column":0},"end":{"line":539,"column":38}},"539":{"start":{"line":540,"column":0},"end":{"line":540,"column":49}},"540":{"start":{"line":541,"column":0},"end":{"line":541,"column":18}},"542":{"start":{"line":543,"column":0},"end":{"line":543,"column":42}},"543":{"start":{"line":544,"column":0},"end":{"line":544,"column":44}},"544":{"start":{"line":545,"column":0},"end":{"line":545,"column":29}},"545":{"start":{"line":546,"column":0},"end":{"line":546,"column":29}},"546":{"start":{"line":547,"column":0},"end":{"line":547,"column":45}},"547":{"start":{"line":548,"column":0},"end":{"line":548,"column":45}},"548":{"start":{"line":549,"column":0},"end":{"line":549,"column":16}},"549":{"start":{"line":550,"column":0},"end":{"line":550,"column":22}},"550":{"start":{"line":551,"column":0},"end":{"line":551,"column":13}},"552":{"start":{"line":553,"column":0},"end":{"line":553,"column":37}},"553":{"start":{"line":554,"column":0},"end":{"line":554,"column":34}},"554":{"start":{"line":555,"column":0},"end":{"line":555,"column":22}},"556":{"start":{"line":557,"column":0},"end":{"line":557,"column":56}},"557":{"start":{"line":558,"column":0},"end":{"line":558,"column":29}},"559":{"start":{"line":560,"column":0},"end":{"line":560,"column":49}},"560":{"start":{"line":561,"column":0},"end":{"line":561,"column":42}},"561":{"start":{"line":562,"column":0},"end":{"line":562,"column":33}},"562":{"start":{"line":563,"column":0},"end":{"line":563,"column":61}},"563":{"start":{"line":564,"column":0},"end":{"line":564,"column":17}},"564":{"start":{"line":565,"column":0},"end":{"line":565,"column":47}},"565":{"start":{"line":566,"column":0},"end":{"line":566,"column":24}},"566":{"start":{"line":567,"column":0},"end":{"line":567,"column":15}},"568":{"start":{"line":569,"column":0},"end":{"line":569,"column":44}},"569":{"start":{"line":570,"column":0},"end":{"line":570,"column":41}},"570":{"start":{"line":571,"column":0},"end":{"line":571,"column":41}},"571":{"start":{"line":572,"column":0},"end":{"line":572,"column":50}},"572":{"start":{"line":573,"column":0},"end":{"line":573,"column":24}},"574":{"start":{"line":575,"column":0},"end":{"line":575,"column":52}},"575":{"start":{"line":576,"column":0},"end":{"line":576,"column":35}},"576":{"start":{"line":577,"column":0},"end":{"line":577,"column":24}},"578":{"start":{"line":579,"column":0},"end":{"line":579,"column":30}},"580":{"start":{"line":581,"column":0},"end":{"line":581,"column":46}},"581":{"start":{"line":582,"column":0},"end":{"line":582,"column":37}},"582":{"start":{"line":583,"column":0},"end":{"line":583,"column":49}},"583":{"start":{"line":584,"column":0},"end":{"line":584,"column":15}},"584":{"start":{"line":585,"column":0},"end":{"line":585,"column":20}},"585":{"start":{"line":586,"column":0},"end":{"line":586,"column":47}},"586":{"start":{"line":587,"column":0},"end":{"line":587,"column":15}},"587":{"start":{"line":588,"column":0},"end":{"line":588,"column":13}},"588":{"start":{"line":589,"column":0},"end":{"line":589,"column":11}},"589":{"start":{"line":590,"column":0},"end":{"line":590,"column":9}},"590":{"start":{"line":591,"column":0},"end":{"line":591,"column":7}},"591":{"start":{"line":592,"column":0},"end":{"line":592,"column":5}},"593":{"start":{"line":594,"column":0},"end":{"line":594,"column":20}},"594":{"start":{"line":595,"column":0},"end":{"line":595,"column":3}},"601":{"start":{"line":602,"column":0},"end":{"line":602,"column":38}},"602":{"start":{"line":603,"column":0},"end":{"line":603,"column":32}},"603":{"start":{"line":604,"column":0},"end":{"line":604,"column":28}},"604":{"start":{"line":605,"column":0},"end":{"line":605,"column":3}},"610":{"start":{"line":611,"column":0},"end":{"line":611,"column":42}},"611":{"start":{"line":612,"column":0},"end":{"line":612,"column":30}},"612":{"start":{"line":613,"column":0},"end":{"line":613,"column":3}},"619":{"start":{"line":620,"column":0},"end":{"line":620,"column":39}},"620":{"start":{"line":621,"column":0},"end":{"line":621,"column":33}},"621":{"start":{"line":622,"column":0},"end":{"line":622,"column":3}},"628":{"start":{"line":629,"column":0},"end":{"line":629,"column":45}},"629":{"start":{"line":630,"column":0},"end":{"line":630,"column":59}},"630":{"start":{"line":631,"column":0},"end":{"line":631,"column":3}},"639":{"start":{"line":640,"column":0},"end":{"line":640,"column":48}},"640":{"start":{"line":641,"column":0},"end":{"line":641,"column":28}},"641":{"start":{"line":642,"column":0},"end":{"line":642,"column":3}},"650":{"start":{"line":651,"column":0},"end":{"line":651,"column":61}},"651":{"start":{"line":652,"column":0},"end":{"line":652,"column":45}},"652":{"start":{"line":653,"column":0},"end":{"line":653,"column":48}},"653":{"start":{"line":654,"column":0},"end":{"line":654,"column":42}},"654":{"start":{"line":655,"column":0},"end":{"line":655,"column":14}},"655":{"start":{"line":656,"column":0},"end":{"line":656,"column":33}},"656":{"start":{"line":657,"column":0},"end":{"line":657,"column":23}},"657":{"start":{"line":658,"column":0},"end":{"line":658,"column":36}},"658":{"start":{"line":659,"column":0},"end":{"line":659,"column":23}},"660":{"start":{"line":661,"column":0},"end":{"line":661,"column":6}},"661":{"start":{"line":662,"column":0},"end":{"line":662,"column":3}},"668":{"start":{"line":669,"column":0},"end":{"line":669,"column":47}},"669":{"start":{"line":670,"column":0},"end":{"line":670,"column":39}},"670":{"start":{"line":671,"column":0},"end":{"line":671,"column":3}},"677":{"start":{"line":678,"column":0},"end":{"line":678,"column":37}},"678":{"start":{"line":679,"column":0},"end":{"line":679,"column":20}},"679":{"start":{"line":680,"column":0},"end":{"line":680,"column":46}},"680":{"start":{"line":681,"column":0},"end":{"line":681,"column":33}},"681":{"start":{"line":682,"column":0},"end":{"line":682,"column":3}},"690":{"start":{"line":691,"column":0},"end":{"line":691,"column":17}},"691":{"start":{"line":692,"column":0},"end":{"line":692,"column":36}},"692":{"start":{"line":693,"column":0},"end":{"line":693,"column":37}},"693":{"start":{"line":694,"column":0},"end":{"line":694,"column":35}},"694":{"start":{"line":695,"column":0},"end":{"line":695,"column":8}},"695":{"start":{"line":696,"column":0},"end":{"line":696,"column":34}},"696":{"start":{"line":697,"column":0},"end":{"line":697,"column":42}},"697":{"start":{"line":698,"column":0},"end":{"line":698,"column":12}},"698":{"start":{"line":699,"column":0},"end":{"line":699,"column":5}},"700":{"start":{"line":701,"column":0},"end":{"line":701,"column":33}},"702":{"start":{"line":703,"column":0},"end":{"line":703,"column":53}},"703":{"start":{"line":704,"column":0},"end":{"line":704,"column":44}},"704":{"start":{"line":705,"column":0},"end":{"line":705,"column":55}},"705":{"start":{"line":706,"column":0},"end":{"line":706,"column":7}},"706":{"start":{"line":707,"column":0},"end":{"line":707,"column":5}},"708":{"start":{"line":709,"column":0},"end":{"line":709,"column":36}},"709":{"start":{"line":710,"column":0},"end":{"line":710,"column":3}},"717":{"start":{"line":718,"column":0},"end":{"line":718,"column":85}},"718":{"start":{"line":719,"column":0},"end":{"line":719,"column":32}},"719":{"start":{"line":720,"column":0},"end":{"line":720,"column":52}},"721":{"start":{"line":722,"column":0},"end":{"line":722,"column":38}},"722":{"start":{"line":723,"column":0},"end":{"line":723,"column":40}},"723":{"start":{"line":724,"column":0},"end":{"line":724,"column":44}},"724":{"start":{"line":725,"column":0},"end":{"line":725,"column":27}},"725":{"start":{"line":726,"column":0},"end":{"line":726,"column":27}},"726":{"start":{"line":727,"column":0},"end":{"line":727,"column":14}},"727":{"start":{"line":728,"column":0},"end":{"line":728,"column":39}},"728":{"start":{"line":729,"column":0},"end":{"line":729,"column":43}},"729":{"start":{"line":730,"column":0},"end":{"line":730,"column":13}},"730":{"start":{"line":731,"column":0},"end":{"line":731,"column":48}},"731":{"start":{"line":732,"column":0},"end":{"line":732,"column":103}},"732":{"start":{"line":733,"column":0},"end":{"line":733,"column":38}},"733":{"start":{"line":734,"column":0},"end":{"line":734,"column":13}},"734":{"start":{"line":735,"column":0},"end":{"line":735,"column":11}},"735":{"start":{"line":736,"column":0},"end":{"line":736,"column":9}},"736":{"start":{"line":737,"column":0},"end":{"line":737,"column":7}},"737":{"start":{"line":738,"column":0},"end":{"line":738,"column":5}},"739":{"start":{"line":740,"column":0},"end":{"line":740,"column":20}},"740":{"start":{"line":741,"column":0},"end":{"line":741,"column":3}},"746":{"start":{"line":747,"column":0},"end":{"line":747,"column":42}},"747":{"start":{"line":748,"column":0},"end":{"line":748,"column":24}},"748":{"start":{"line":749,"column":0},"end":{"line":749,"column":49}},"749":{"start":{"line":750,"column":0},"end":{"line":750,"column":70}},"750":{"start":{"line":751,"column":0},"end":{"line":751,"column":3}},"751":{"start":{"line":752,"column":0},"end":{"line":752,"column":1}}},"s":{"5":1,"6":1,"7":1,"8":1,"9":1,"10":1,"11":1,"12":1,"13":1,"21":1,"34":1,"35":28,"37":28,"38":28,"39":28,"40":28,"41":28,"42":28,"43":28,"44":28,"45":28,"46":28,"47":28,"49":28,"62":28,"63":4,"64":4,"71":28,"72":4,"73":4,"80":28,"81":0,"82":0,"89":28,"90":0,"91":0,"92":0,"93":0,"94":0,"95":0,"96":0,"97":0,"104":28,"105":0,"106":0,"107":0,"108":0,"109":0,"110":0,"111":0,"112":0,"119":28,"120":0,"121":0,"128":28,"129":1,"130":1,"138":28,"139":24,"140":24,"141":24,"142":24,"143":24,"144":24,"145":24,"146":24,"147":24,"148":24,"149":24,"150":24,"152":24,"153":4,"154":24,"155":24,"156":10,"157":24,"158":24,"159":0,"160":0,"161":0,"162":24,"164":24,"165":0,"166":0,"168":0,"169":0,"170":0,"171":0,"172":24,"174":24,"175":245,"176":245,"178":245,"179":870,"180":245,"182":245,"183":245,"185":245,"186":98,"187":98,"188":98,"189":98,"190":147,"191":147,"192":86,"193":86,"194":147,"195":147,"196":147,"197":147,"198":147,"199":147,"200":147,"201":147,"202":147,"203":24,"204":24,"213":28,"214":21,"215":603,"216":603,"217":14769,"218":14769,"219":14769,"220":603,"221":21,"222":84,"223":84,"225":84,"226":1,"227":1,"228":84,"230":21,"231":21,"233":21,"234":21,"236":21,"237":21,"238":21,"239":21,"249":21,"257":28,"258":22,"259":211,"260":211,"261":211,"262":211,"264":211,"265":211,"266":211,"267":0,"268":0,"269":0,"270":211,"271":211,"272":211,"273":211,"274":22,"281":28,"282":21,"283":60,"284":60,"285":60,"286":60,"287":60,"288":0,"289":0,"290":0,"291":60,"293":21,"294":60,"295":60,"296":60,"297":60,"298":60,"299":5,"300":5,"301":5,"302":60,"303":21,"309":28,"310":0,"311":0,"312":0,"313":0,"314":0,"315":0,"322":28,"323":5,"324":5,"325":0,"326":0,"327":5,"329":5,"330":0,"331":0,"332":0,"334":5,"335":5,"337":5,"338":5,"339":5,"341":5,"342":5,"344":2,"345":1,"346":1,"347":1,"348":1,"349":1,"350":1,"351":1,"352":1,"353":1,"354":5,"360":28,"361":5,"363":5,"364":1,"366":1,"367":1,"369":1,"370":1,"371":5,"377":28,"378":5,"380":5,"381":0,"382":0,"383":0,"385":0,"386":0,"387":0,"388":0,"389":5,"394":28,"395":3,"396":0,"397":0,"398":0,"399":0,"400":0,"401":0,"402":0,"403":0,"404":0,"405":0,"406":0,"407":0,"408":0,"409":0,"410":0,"411":0,"412":0,"413":0,"414":0,"415":0,"416":0,"417":0,"418":3,"426":28,"427":0,"428":0,"429":0,"430":0,"431":0,"432":0,"433":0,"434":0,"435":0,"442":28,"443":3,"444":3,"445":0,"446":0,"447":0,"448":0,"449":0,"450":3,"451":3,"452":3,"454":3,"455":3,"463":28,"464":245,"465":245,"466":245,"467":245,"468":245,"470":245,"471":4467,"472":90507,"473":90507,"474":90507,"475":22234,"476":22234,"477":90507,"478":4467,"479":245,"480":245,"488":28,"489":245,"490":245,"491":245,"492":245,"494":245,"495":465,"496":465,"497":420,"498":420,"499":420,"500":413,"501":388,"502":368,"504":245,"505":245,"513":28,"514":1,"515":1,"516":1,"517":1,"518":48,"519":1296,"520":1296,"521":48,"522":1,"523":0,"524":0,"525":0,"526":0,"527":0,"528":0,"529":0,"530":0,"532":1,"533":1,"535":0,"536":0,"537":0,"538":0,"539":0,"540":0,"542":0,"543":0,"544":0,"545":0,"546":0,"547":0,"548":0,"549":0,"550":0,"552":0,"553":0,"554":0,"556":0,"557":0,"559":0,"560":0,"561":0,"562":0,"563":0,"564":0,"565":0,"566":0,"568":0,"569":0,"570":0,"571":0,"572":0,"574":0,"575":0,"576":0,"578":0,"580":0,"581":0,"582":0,"583":0,"584":0,"585":0,"586":0,"587":0,"588":0,"589":0,"590":0,"591":0,"593":0,"594":1,"601":28,"602":0,"603":0,"604":0,"610":28,"611":23,"612":23,"619":28,"620":2,"621":2,"628":28,"629":14,"630":14,"639":28,"640":211,"641":211,"650":28,"651":0,"652":0,"653":0,"654":0,"655":0,"656":0,"657":0,"658":0,"660":0,"661":0,"668":28,"669":4,"670":4,"677":28,"678":1,"679":1,"680":1,"681":1,"690":28,"691":1,"692":1,"693":1,"694":1,"695":1,"696":0,"697":0,"698":0,"700":1,"702":1,"703":0,"704":0,"705":0,"706":0,"708":1,"709":1,"717":28,"718":1,"719":1,"721":1,"722":3,"723":9,"724":4,"725":4,"726":4,"727":4,"728":4,"729":4,"730":2,"731":2,"732":0,"733":0,"734":2,"735":4,"736":9,"737":3,"739":1,"740":1,"746":28,"747":0,"748":0,"749":0,"750":0,"751":28},"branchMap":{"0":{"type":"branch","line":35,"loc":{"start":{"line":35,"column":25},"end":{"line":752,"column":1}},"locations":[{"start":{"line":35,"column":25},"end":{"line":752,"column":1}}]},"1":{"type":"branch","line":63,"loc":{"start":{"line":63,"column":2},"end":{"line":65,"column":3}},"locations":[{"start":{"line":63,"column":2},"end":{"line":65,"column":3}}]},"2":{"type":"branch","line":72,"loc":{"start":{"line":72,"column":2},"end":{"line":74,"column":3}},"locations":[{"start":{"line":72,"column":2},"end":{"line":74,"column":3}}]},"3":{"type":"branch","line":129,"loc":{"start":{"line":129,"column":2},"end":{"line":131,"column":3}},"locations":[{"start":{"line":129,"column":2},"end":{"line":131,"column":3}}]},"4":{"type":"branch","line":139,"loc":{"start":{"line":139,"column":2},"end":{"line":205,"column":3}},"locations":[{"start":{"line":139,"column":2},"end":{"line":205,"column":3}}]},"5":{"type":"branch","line":153,"loc":{"start":{"line":153,"column":29},"end":{"line":155,"column":5}},"locations":[{"start":{"line":153,"column":29},"end":{"line":155,"column":5}}]},"6":{"type":"branch","line":156,"loc":{"start":{"line":156,"column":30},"end":{"line":158,"column":5}},"locations":[{"start":{"line":156,"column":30},"end":{"line":158,"column":5}}]},"7":{"type":"branch","line":175,"loc":{"start":{"line":175,"column":33},"end":{"line":204,"column":5}},"locations":[{"start":{"line":175,"column":33},"end":{"line":204,"column":5}}]},"8":{"type":"branch","line":186,"loc":{"start":{"line":186,"column":17},"end":{"line":186,"column":34}},"locations":[{"start":{"line":186,"column":17},"end":{"line":186,"column":34}}]},"9":{"type":"branch","line":186,"loc":{"start":{"line":186,"column":34},"end":{"line":203,"column":7}},"locations":[{"start":{"line":186,"column":34},"end":{"line":203,"column":7}}]},"10":{"type":"branch","line":186,"loc":{"start":{"line":186,"column":34},"end":{"line":190,"column":7}},"locations":[{"start":{"line":186,"column":34},"end":{"line":190,"column":7}}]},"11":{"type":"branch","line":190,"loc":{"start":{"line":190,"column":6},"end":{"line":203,"column":7}},"locations":[{"start":{"line":190,"column":6},"end":{"line":203,"column":7}}]},"12":{"type":"branch","line":192,"loc":{"start":{"line":192,"column":22},"end":{"line":194,"column":9}},"locations":[{"start":{"line":192,"column":22},"end":{"line":194,"column":9}}]},"13":{"type":"branch","line":179,"loc":{"start":{"line":179,"column":48},"end":{"line":180,"column":76}},"locations":[{"start":{"line":179,"column":48},"end":{"line":180,"column":76}}]},"14":{"type":"branch","line":180,"loc":{"start":{"line":180,"column":26},"end":{"line":180,"column":54}},"locations":[{"start":{"line":180,"column":26},"end":{"line":180,"column":54}}]},"15":{"type":"branch","line":180,"loc":{"start":{"line":180,"column":49},"end":{"line":180,"column":76}},"locations":[{"start":{"line":180,"column":49},"end":{"line":180,"column":76}}]},"16":{"type":"branch","line":214,"loc":{"start":{"line":214,"column":19},"end":{"line":250,"column":3}},"locations":[{"start":{"line":214,"column":19},"end":{"line":250,"column":3}}]},"17":{"type":"branch","line":215,"loc":{"start":{"line":215,"column":42},"end":{"line":221,"column":5}},"locations":[{"start":{"line":215,"column":42},"end":{"line":221,"column":5}}]},"18":{"type":"branch","line":217,"loc":{"start":{"line":217,"column":45},"end":{"line":220,"column":7}},"locations":[{"start":{"line":217,"column":45},"end":{"line":220,"column":7}}]},"19":{"type":"branch","line":222,"loc":{"start":{"line":222,"column":58},"end":{"line":229,"column":5}},"locations":[{"start":{"line":222,"column":58},"end":{"line":229,"column":5}}]},"20":{"type":"branch","line":226,"loc":{"start":{"line":226,"column":32},"end":{"line":228,"column":7}},"locations":[{"start":{"line":226,"column":32},"end":{"line":228,"column":7}}]},"21":{"type":"branch","line":258,"loc":{"start":{"line":258,"column":27},"end":{"line":275,"column":3}},"locations":[{"start":{"line":258,"column":27},"end":{"line":275,"column":3}}]},"22":{"type":"branch","line":259,"loc":{"start":{"line":259,"column":32},"end":{"line":274,"column":5}},"locations":[{"start":{"line":259,"column":32},"end":{"line":274,"column":5}}]},"23":{"type":"branch","line":267,"loc":{"start":{"line":267,"column":20},"end":{"line":270,"column":11}},"locations":[{"start":{"line":267,"column":20},"end":{"line":270,"column":11}}]},"24":{"type":"branch","line":282,"loc":{"start":{"line":282,"column":29},"end":{"line":304,"column":3}},"locations":[{"start":{"line":282,"column":29},"end":{"line":304,"column":3}}]},"25":{"type":"branch","line":283,"loc":{"start":{"line":283,"column":32},"end":{"line":292,"column":5}},"locations":[{"start":{"line":283,"column":32},"end":{"line":292,"column":5}}]},"26":{"type":"branch","line":288,"loc":{"start":{"line":288,"column":18},"end":{"line":291,"column":7}},"locations":[{"start":{"line":288,"column":18},"end":{"line":291,"column":7}}]},"27":{"type":"branch","line":294,"loc":{"start":{"line":294,"column":32},"end":{"line":303,"column":5}},"locations":[{"start":{"line":294,"column":32},"end":{"line":303,"column":5}}]},"28":{"type":"branch","line":299,"loc":{"start":{"line":299,"column":18},"end":{"line":302,"column":7}},"locations":[{"start":{"line":299,"column":18},"end":{"line":302,"column":7}}]},"29":{"type":"branch","line":323,"loc":{"start":{"line":323,"column":16},"end":{"line":355,"column":3}},"locations":[{"start":{"line":323,"column":16},"end":{"line":355,"column":3}}]},"30":{"type":"branch","line":330,"loc":{"start":{"line":330,"column":36},"end":{"line":333,"column":5}},"locations":[{"start":{"line":330,"column":36},"end":{"line":333,"column":5}}]},"31":{"type":"branch","line":343,"loc":{"start":{"line":343,"column":6},"end":{"line":343,"column":12}},"locations":[{"start":{"line":343,"column":6},"end":{"line":343,"column":12}}]},"32":{"type":"branch","line":343,"loc":{"start":{"line":343,"column":6},"end":{"line":354,"column":5}},"locations":[{"start":{"line":343,"column":6},"end":{"line":354,"column":5}}]},"33":{"type":"branch","line":345,"loc":{"start":{"line":345,"column":43},"end":{"line":354,"column":5}},"locations":[{"start":{"line":345,"column":43},"end":{"line":354,"column":5}}]},"34":{"type":"branch","line":350,"loc":{"start":{"line":350,"column":10},"end":{"line":350,"column":59}},"locations":[{"start":{"line":350,"column":10},"end":{"line":350,"column":59}}]},"35":{"type":"branch","line":335,"loc":{"start":{"line":335,"column":32},"end":{"line":335,"column":61}},"locations":[{"start":{"line":335,"column":32},"end":{"line":335,"column":61}}]},"36":{"type":"branch","line":336,"loc":{"start":{"line":336,"column":53},"end":{"line":336,"column":80}},"locations":[{"start":{"line":336,"column":53},"end":{"line":336,"column":80}}]},"37":{"type":"branch","line":361,"loc":{"start":{"line":361,"column":27},"end":{"line":372,"column":3}},"locations":[{"start":{"line":361,"column":27},"end":{"line":372,"column":3}}]},"38":{"type":"branch","line":364,"loc":{"start":{"line":364,"column":67},"end":{"line":371,"column":5}},"locations":[{"start":{"line":364,"column":67},"end":{"line":371,"column":5}}]},"39":{"type":"branch","line":378,"loc":{"start":{"line":378,"column":25},"end":{"line":390,"column":3}},"locations":[{"start":{"line":378,"column":25},"end":{"line":390,"column":3}}]},"40":{"type":"branch","line":381,"loc":{"start":{"line":381,"column":67},"end":{"line":389,"column":5}},"locations":[{"start":{"line":381,"column":67},"end":{"line":389,"column":5}}]},"41":{"type":"branch","line":395,"loc":{"start":{"line":395,"column":31},"end":{"line":419,"column":3}},"locations":[{"start":{"line":395,"column":31},"end":{"line":419,"column":3}}]},"42":{"type":"branch","line":396,"loc":{"start":{"line":396,"column":51},"end":{"line":418,"column":5}},"locations":[{"start":{"line":396,"column":51},"end":{"line":418,"column":5}}]},"43":{"type":"branch","line":443,"loc":{"start":{"line":443,"column":28},"end":{"line":456,"column":3}},"locations":[{"start":{"line":443,"column":28},"end":{"line":456,"column":3}}]},"44":{"type":"branch","line":445,"loc":{"start":{"line":445,"column":40},"end":{"line":450,"column":5}},"locations":[{"start":{"line":445,"column":40},"end":{"line":450,"column":5}}]},"45":{"type":"branch","line":464,"loc":{"start":{"line":464,"column":28},"end":{"line":481,"column":3}},"locations":[{"start":{"line":464,"column":28},"end":{"line":481,"column":3}}]},"46":{"type":"branch","line":471,"loc":{"start":{"line":471,"column":59},"end":{"line":479,"column":5}},"locations":[{"start":{"line":471,"column":59},"end":{"line":479,"column":5}}]},"47":{"type":"branch","line":472,"loc":{"start":{"line":472,"column":61},"end":{"line":478,"column":7}},"locations":[{"start":{"line":472,"column":61},"end":{"line":478,"column":7}}]},"48":{"type":"branch","line":475,"loc":{"start":{"line":475,"column":21},"end":{"line":475,"column":49}},"locations":[{"start":{"line":475,"column":21},"end":{"line":475,"column":49}}]},"49":{"type":"branch","line":475,"loc":{"start":{"line":475,"column":39},"end":{"line":475,"column":63}},"locations":[{"start":{"line":475,"column":39},"end":{"line":475,"column":63}}]},"50":{"type":"branch","line":475,"loc":{"start":{"line":475,"column":58},"end":{"line":475,"column":85}},"locations":[{"start":{"line":475,"column":58},"end":{"line":475,"column":85}}]},"51":{"type":"branch","line":475,"loc":{"start":{"line":475,"column":85},"end":{"line":477,"column":9}},"locations":[{"start":{"line":475,"column":85},"end":{"line":477,"column":9}}]},"52":{"type":"branch","line":489,"loc":{"start":{"line":489,"column":29},"end":{"line":506,"column":3}},"locations":[{"start":{"line":489,"column":29},"end":{"line":506,"column":3}}]},"53":{"type":"branch","line":495,"loc":{"start":{"line":495,"column":32},"end":{"line":505,"column":5}},"locations":[{"start":{"line":495,"column":32},"end":{"line":505,"column":5}}]},"54":{"type":"branch","line":497,"loc":{"start":{"line":497,"column":8},"end":{"line":497,"column":20}},"locations":[{"start":{"line":497,"column":8},"end":{"line":497,"column":20}}]},"55":{"type":"branch","line":497,"loc":{"start":{"line":497,"column":15},"end":{"line":501,"column":41}},"locations":[{"start":{"line":497,"column":15},"end":{"line":501,"column":41}}]},"56":{"type":"branch","line":497,"loc":{"start":{"line":497,"column":15},"end":{"line":500,"column":38}},"locations":[{"start":{"line":497,"column":15},"end":{"line":500,"column":38}}]},"57":{"type":"branch","line":500,"loc":{"start":{"line":500,"column":26},"end":{"line":501,"column":41}},"locations":[{"start":{"line":500,"column":26},"end":{"line":501,"column":41}}]},"58":{"type":"branch","line":501,"loc":{"start":{"line":501,"column":29},"end":{"line":502,"column":41}},"locations":[{"start":{"line":501,"column":29},"end":{"line":502,"column":41}}]},"59":{"type":"branch","line":502,"loc":{"start":{"line":502,"column":29},"end":{"line":503,"column":41}},"locations":[{"start":{"line":502,"column":29},"end":{"line":503,"column":41}}]},"60":{"type":"branch","line":514,"loc":{"start":{"line":514,"column":26},"end":{"line":595,"column":3}},"locations":[{"start":{"line":514,"column":26},"end":{"line":595,"column":3}}]},"61":{"type":"branch","line":518,"loc":{"start":{"line":518,"column":44},"end":{"line":522,"column":7}},"locations":[{"start":{"line":518,"column":44},"end":{"line":522,"column":7}}]},"62":{"type":"branch","line":519,"loc":{"start":{"line":519,"column":47},"end":{"line":521,"column":9}},"locations":[{"start":{"line":519,"column":47},"end":{"line":521,"column":9}}]},"63":{"type":"branch","line":523,"loc":{"start":{"line":523,"column":42},"end":{"line":531,"column":7}},"locations":[{"start":{"line":523,"column":42},"end":{"line":531,"column":7}}]},"64":{"type":"branch","line":534,"loc":{"start":{"line":534,"column":4},"end":{"line":594,"column":20}},"locations":[{"start":{"line":534,"column":4},"end":{"line":594,"column":20}}]},"65":{"type":"branch","line":611,"loc":{"start":{"line":611,"column":21},"end":{"line":613,"column":3}},"locations":[{"start":{"line":611,"column":21},"end":{"line":613,"column":3}}]},"66":{"type":"branch","line":620,"loc":{"start":{"line":620,"column":22},"end":{"line":622,"column":3}},"locations":[{"start":{"line":620,"column":22},"end":{"line":622,"column":3}}]},"67":{"type":"branch","line":629,"loc":{"start":{"line":629,"column":24},"end":{"line":631,"column":3}},"locations":[{"start":{"line":629,"column":24},"end":{"line":631,"column":3}}]},"68":{"type":"branch","line":630,"loc":{"start":{"line":630,"column":41},"end":{"line":630,"column":58}},"locations":[{"start":{"line":630,"column":41},"end":{"line":630,"column":58}}]},"69":{"type":"branch","line":640,"loc":{"start":{"line":640,"column":21},"end":{"line":642,"column":3}},"locations":[{"start":{"line":640,"column":21},"end":{"line":642,"column":3}}]},"70":{"type":"branch","line":669,"loc":{"start":{"line":669,"column":24},"end":{"line":671,"column":3}},"locations":[{"start":{"line":669,"column":24},"end":{"line":671,"column":3}}]},"71":{"type":"branch","line":678,"loc":{"start":{"line":678,"column":21},"end":{"line":682,"column":3}},"locations":[{"start":{"line":678,"column":21},"end":{"line":682,"column":3}}]},"72":{"type":"branch","line":691,"loc":{"start":{"line":691,"column":16},"end":{"line":710,"column":3}},"locations":[{"start":{"line":691,"column":16},"end":{"line":710,"column":3}}]},"73":{"type":"branch","line":696,"loc":{"start":{"line":696,"column":33},"end":{"line":699,"column":5}},"locations":[{"start":{"line":696,"column":33},"end":{"line":699,"column":5}}]},"74":{"type":"branch","line":703,"loc":{"start":{"line":703,"column":52},"end":{"line":707,"column":5}},"locations":[{"start":{"line":703,"column":52},"end":{"line":707,"column":5}}]},"75":{"type":"branch","line":718,"loc":{"start":{"line":718,"column":22},"end":{"line":741,"column":3}},"locations":[{"start":{"line":718,"column":22},"end":{"line":741,"column":3}}]},"76":{"type":"branch","line":722,"loc":{"start":{"line":722,"column":37},"end":{"line":738,"column":5}},"locations":[{"start":{"line":722,"column":37},"end":{"line":738,"column":5}}]},"77":{"type":"branch","line":723,"loc":{"start":{"line":723,"column":39},"end":{"line":737,"column":7}},"locations":[{"start":{"line":723,"column":39},"end":{"line":737,"column":7}}]},"78":{"type":"branch","line":724,"loc":{"start":{"line":724,"column":43},"end":{"line":736,"column":9}},"locations":[{"start":{"line":724,"column":43},"end":{"line":736,"column":9}}]},"79":{"type":"branch","line":728,"loc":{"start":{"line":728,"column":18},"end":{"line":728,"column":39}},"locations":[{"start":{"line":728,"column":18},"end":{"line":728,"column":39}}]},"80":{"type":"branch","line":728,"loc":{"start":{"line":728,"column":33},"end":{"line":729,"column":26}},"locations":[{"start":{"line":728,"column":33},"end":{"line":729,"column":26}}]},"81":{"type":"branch","line":729,"loc":{"start":{"line":729,"column":21},"end":{"line":729,"column":43}},"locations":[{"start":{"line":729,"column":21},"end":{"line":729,"column":43}}]},"82":{"type":"branch","line":730,"loc":{"start":{"line":730,"column":12},"end":{"line":735,"column":11}},"locations":[{"start":{"line":730,"column":12},"end":{"line":735,"column":11}}]},"83":{"type":"branch","line":732,"loc":{"start":{"line":732,"column":102},"end":{"line":734,"column":13}},"locations":[{"start":{"line":732,"column":102},"end":{"line":734,"column":13}}]}},"b":{"0":[28],"1":[4],"2":[4],"3":[1],"4":[24],"5":[4],"6":[10],"7":[245],"8":[184],"9":[236],"10":[98],"11":[147],"12":[86],"13":[870],"14":[363],"15":[228],"16":[21],"17":[603],"18":[14769],"19":[84],"20":[1],"21":[22],"22":[211],"23":[0],"24":[21],"25":[60],"26":[0],"27":[60],"28":[5],"29":[5],"30":[0],"31":[3],"32":[2],"33":[1],"34":[4],"35":[1],"36":[1],"37":[5],"38":[1],"39":[5],"40":[0],"41":[3],"42":[0],"43":[3],"44":[0],"45":[245],"46":[4467],"47":[90507],"48":[52303],"49":[44791],"50":[26843],"51":[22234],"52":[245],"53":[465],"54":[45],"55":[446],"56":[420],"57":[413],"58":[388],"59":[368],"60":[1],"61":[48],"62":[1296],"63":[0],"64":[0],"65":[23],"66":[2],"67":[14],"68":[33],"69":[211],"70":[4],"71":[1],"72":[1],"73":[0],"74":[0],"75":[1],"76":[3],"77":[9],"78":[4],"79":[3],"80":[3],"81":[2],"82":[2],"83":[0]},"fnMap":{"0":{"name":"<instance_members_initializer>","decl":{"start":{"line":35,"column":25},"end":{"line":752,"column":1}},"loc":{"start":{"line":35,"column":25},"end":{"line":752,"column":1}},"line":35},"1":{"name":"get width","decl":{"start":{"line":63,"column":2},"end":{"line":65,"column":3}},"loc":{"start":{"line":63,"column":2},"end":{"line":65,"column":3}},"line":63},"2":{"name":"get height","decl":{"start":{"line":72,"column":2},"end":{"line":74,"column":3}},"loc":{"start":{"line":72,"column":2},"end":{"line":74,"column":3}},"line":72},"3":{"name":"get groups","decl":{"start":{"line":81,"column":2},"end":{"line":83,"column":3}},"loc":{"start":{"line":81,"column":2},"end":{"line":83,"column":3}},"line":81},"4":{"name":"getHerbivoreCount","decl":{"start":{"line":90,"column":9},"end":{"line":98,"column":3}},"loc":{"start":{"line":90,"column":9},"end":{"line":98,"column":3}},"line":90},"5":{"name":"getCarnivoreCount","decl":{"start":{"line":105,"column":9},"end":{"line":113,"column":3}},"loc":{"start":{"line":105,"column":9},"end":{"line":113,"column":3}},"line":105},"6":{"name":"get totalVisitorCount","decl":{"start":{"line":120,"column":2},"end":{"line":122,"column":3}},"loc":{"start":{"line":120,"column":2},"end":{"line":122,"column":3}},"line":120},"7":{"name":"get waitingJeepCount","decl":{"start":{"line":129,"column":2},"end":{"line":131,"column":3}},"loc":{"start":{"line":129,"column":2},"end":{"line":131,"column":3}},"line":129},"8":{"name":"Map","decl":{"start":{"line":139,"column":2},"end":{"line":205,"column":3}},"loc":{"start":{"line":139,"column":2},"end":{"line":205,"column":3}},"line":139},"9":{"name":"loadMap","decl":{"start":{"line":214,"column":19},"end":{"line":250,"column":3}},"loc":{"start":{"line":214,"column":19},"end":{"line":250,"column":3}},"line":214},"10":{"name":"tileGeneration","decl":{"start":{"line":258,"column":27},"end":{"line":275,"column":3}},"loc":{"start":{"line":258,"column":27},"end":{"line":275,"column":3}},"line":258},"11":{"name":"animalGeneration","decl":{"start":{"line":282,"column":29},"end":{"line":304,"column":3}},"loc":{"start":{"line":282,"column":29},"end":{"line":304,"column":3}},"line":282},"12":{"name":"addGroup","decl":{"start":{"line":310,"column":20},"end":{"line":316,"column":3}},"loc":{"start":{"line":310,"column":20},"end":{"line":316,"column":3}},"line":310},"13":{"name":"tick","decl":{"start":{"line":323,"column":16},"end":{"line":355,"column":3}},"loc":{"start":{"line":323,"column":16},"end":{"line":355,"column":3}},"line":323},"14":{"name":"generatePlants","decl":{"start":{"line":361,"column":27},"end":{"line":372,"column":3}},"loc":{"start":{"line":361,"column":27},"end":{"line":372,"column":3}},"line":361},"15":{"name":"spawnPoacher","decl":{"start":{"line":378,"column":25},"end":{"line":390,"column":3}},"loc":{"start":{"line":378,"column":25},"end":{"line":390,"column":3}},"line":378},"16":{"name":"spawnGroupOffspring","decl":{"start":{"line":395,"column":31},"end":{"line":419,"column":3}},"loc":{"start":{"line":395,"column":31},"end":{"line":419,"column":3}},"line":395},"17":{"name":"getCenterOfGroup","decl":{"start":{"line":427,"column":28},"end":{"line":436,"column":3}},"loc":{"start":{"line":427,"column":28},"end":{"line":436,"column":3}},"line":427},"18":{"name":"getMatableGroups","decl":{"start":{"line":443,"column":28},"end":{"line":456,"column":3}},"loc":{"start":{"line":443,"column":28},"end":{"line":456,"column":3}},"line":443},"19":{"name":"getVisibleTiles","decl":{"start":{"line":464,"column":28},"end":{"line":481,"column":3}},"loc":{"start":{"line":464,"column":28},"end":{"line":481,"column":3}},"line":464},"20":{"name":"getVisibleSprites","decl":{"start":{"line":489,"column":29},"end":{"line":506,"column":3}},"loc":{"start":{"line":489,"column":29},"end":{"line":506,"column":3}},"line":489},"21":{"name":"getAllDrawData","decl":{"start":{"line":514,"column":26},"end":{"line":595,"column":3}},"loc":{"start":{"line":514,"column":26},"end":{"line":595,"column":3}},"line":514},"22":{"name":"placeTile","decl":{"start":{"line":602,"column":21},"end":{"line":605,"column":3}},"loc":{"start":{"line":602,"column":21},"end":{"line":605,"column":3}},"line":602},"23":{"name":"addSprite","decl":{"start":{"line":611,"column":21},"end":{"line":613,"column":3}},"loc":{"start":{"line":611,"column":21},"end":{"line":613,"column":3}},"line":611},"24":{"name":"addNewJeep","decl":{"start":{"line":620,"column":22},"end":{"line":622,"column":3}},"loc":{"start":{"line":620,"column":22},"end":{"line":622,"column":3}},"line":620},"25":{"name":"removeSprite","decl":{"start":{"line":629,"column":24},"end":{"line":631,"column":3}},"loc":{"start":{"line":629,"column":24},"end":{"line":631,"column":3}},"line":629},"26":{"name":"getTileAt","decl":{"start":{"line":640,"column":21},"end":{"line":642,"column":3}},"loc":{"start":{"line":640,"column":21},"end":{"line":642,"column":3}},"line":640},"27":{"name":"getSpritesAt","decl":{"start":{"line":651,"column":24},"end":{"line":662,"column":3}},"loc":{"start":{"line":651,"column":24},"end":{"line":662,"column":3}},"line":651},"28":{"name":"queueVisitor","decl":{"start":{"line":669,"column":24},"end":{"line":671,"column":3}},"loc":{"start":{"line":669,"column":24},"end":{"line":671,"column":3}},"line":669},"29":{"name":"planRoads","decl":{"start":{"line":678,"column":21},"end":{"line":682,"column":3}},"loc":{"start":{"line":678,"column":21},"end":{"line":682,"column":3}},"line":678},"30":{"name":"dfs","decl":{"start":{"line":691,"column":16},"end":{"line":710,"column":3}},"loc":{"start":{"line":691,"column":16},"end":{"line":710,"column":3}},"line":691},"31":{"name":"neighbors","decl":{"start":{"line":718,"column":22},"end":{"line":741,"column":3}},"loc":{"start":{"line":718,"column":22},"end":{"line":741,"column":3}},"line":718},"32":{"name":"getRangerSalary","decl":{"start":{"line":747,"column":27},"end":{"line":751,"column":3}},"loc":{"start":{"line":747,"column":27},"end":{"line":751,"column":3}},"line":747}},"f":{"0":28,"1":4,"2":4,"3":0,"4":0,"5":0,"6":0,"7":1,"8":24,"9":21,"10":22,"11":21,"12":0,"13":5,"14":5,"15":5,"16":3,"17":0,"18":3,"19":245,"20":245,"21":1,"22":0,"23":23,"24":2,"25":14,"26":211,"27":0,"28":4,"29":1,"30":1,"31":1,"32":0}}
,"/Users/henriktoth0517/Documents/ELTE - IK/S4/szofttech/safari_game/vitorlas-devs/src/safariButton.ts": {"path":"/Users/henriktoth0517/Documents/ELTE - IK/S4/szofttech/safari_game/vitorlas-devs/src/safariButton.ts","all":true,"statementMap":{"0":{"start":{"line":1,"column":0},"end":{"line":1,"column":3}},"1":{"start":{"line":2,"column":0},"end":{"line":2,"column":49}},"2":{"start":{"line":3,"column":0},"end":{"line":3,"column":2}},"3":{"start":{"line":4,"column":0},"end":{"line":4,"column":29}},"4":{"start":{"line":5,"column":0},"end":{"line":5,"column":3}},"5":{"start":{"line":6,"column":0},"end":{"line":6,"column":61}},"6":{"start":{"line":7,"column":0},"end":{"line":7,"column":25}},"7":{"start":{"line":8,"column":0},"end":{"line":8,"column":25}},"8":{"start":{"line":9,"column":0},"end":{"line":9,"column":0}},"9":{"start":{"line":10,"column":0},"end":{"line":10,"column":39}},"10":{"start":{"line":11,"column":0},"end":{"line":11,"column":41}},"11":{"start":{"line":12,"column":0},"end":{"line":12,"column":0}},"12":{"start":{"line":13,"column":0},"end":{"line":13,"column":5}},"13":{"start":{"line":14,"column":0},"end":{"line":14,"column":55}},"14":{"start":{"line":15,"column":0},"end":{"line":15,"column":4}},"15":{"start":{"line":16,"column":0},"end":{"line":16,"column":47}},"16":{"start":{"line":17,"column":0},"end":{"line":17,"column":4}},"17":{"start":{"line":18,"column":0},"end":{"line":18,"column":43}},"18":{"start":{"line":19,"column":0},"end":{"line":19,"column":48}},"19":{"start":{"line":20,"column":0},"end":{"line":20,"column":56}},"20":{"start":{"line":21,"column":0},"end":{"line":21,"column":49}},"21":{"start":{"line":22,"column":0},"end":{"line":22,"column":51}},"22":{"start":{"line":23,"column":0},"end":{"line":23,"column":5}},"23":{"start":{"line":24,"column":0},"end":{"line":24,"column":90}},"24":{"start":{"line":25,"column":0},"end":{"line":25,"column":11}},"25":{"start":{"line":26,"column":0},"end":{"line":26,"column":0}},"26":{"start":{"line":27,"column":0},"end":{"line":27,"column":36}},"27":{"start":{"line":28,"column":0},"end":{"line":28,"column":41}},"28":{"start":{"line":29,"column":0},"end":{"line":29,"column":42}},"29":{"start":{"line":30,"column":0},"end":{"line":30,"column":51}},"30":{"start":{"line":31,"column":0},"end":{"line":31,"column":0}},"31":{"start":{"line":32,"column":0},"end":{"line":32,"column":38}},"32":{"start":{"line":33,"column":0},"end":{"line":33,"column":3}},"33":{"start":{"line":34,"column":0},"end":{"line":34,"column":0}},"34":{"start":{"line":35,"column":0},"end":{"line":35,"column":5}},"35":{"start":{"line":36,"column":0},"end":{"line":36,"column":34}},"36":{"start":{"line":37,"column":0},"end":{"line":37,"column":4}},"37":{"start":{"line":38,"column":0},"end":{"line":38,"column":38}},"38":{"start":{"line":39,"column":0},"end":{"line":39,"column":5}},"39":{"start":{"line":40,"column":0},"end":{"line":40,"column":30}},"40":{"start":{"line":41,"column":0},"end":{"line":41,"column":22}},"41":{"start":{"line":42,"column":0},"end":{"line":42,"column":3}},"42":{"start":{"line":43,"column":0},"end":{"line":43,"column":0}},"43":{"start":{"line":44,"column":0},"end":{"line":44,"column":5}},"44":{"start":{"line":45,"column":0},"end":{"line":45,"column":34}},"45":{"start":{"line":46,"column":0},"end":{"line":46,"column":4}},"46":{"start":{"line":47,"column":0},"end":{"line":47,"column":47}},"47":{"start":{"line":48,"column":0},"end":{"line":48,"column":5}},"48":{"start":{"line":49,"column":0},"end":{"line":49,"column":35}},"49":{"start":{"line":50,"column":0},"end":{"line":50,"column":23}},"50":{"start":{"line":51,"column":0},"end":{"line":51,"column":61}},"51":{"start":{"line":52,"column":0},"end":{"line":52,"column":3}},"52":{"start":{"line":53,"column":0},"end":{"line":53,"column":0}},"53":{"start":{"line":54,"column":0},"end":{"line":54,"column":5}},"54":{"start":{"line":55,"column":0},"end":{"line":55,"column":39}},"55":{"start":{"line":56,"column":0},"end":{"line":56,"column":4}},"56":{"start":{"line":57,"column":0},"end":{"line":57,"column":43}},"57":{"start":{"line":58,"column":0},"end":{"line":58,"column":5}},"58":{"start":{"line":59,"column":0},"end":{"line":59,"column":42}},"59":{"start":{"line":60,"column":0},"end":{"line":60,"column":22}},"60":{"start":{"line":61,"column":0},"end":{"line":61,"column":3}},"61":{"start":{"line":62,"column":0},"end":{"line":62,"column":0}},"62":{"start":{"line":63,"column":0},"end":{"line":63,"column":5}},"63":{"start":{"line":64,"column":0},"end":{"line":64,"column":39}},"64":{"start":{"line":65,"column":0},"end":{"line":65,"column":4}},"65":{"start":{"line":66,"column":0},"end":{"line":66,"column":85}},"66":{"start":{"line":67,"column":0},"end":{"line":67,"column":5}},"67":{"start":{"line":68,"column":0},"end":{"line":68,"column":47}},"68":{"start":{"line":69,"column":0},"end":{"line":69,"column":23}},"69":{"start":{"line":70,"column":0},"end":{"line":70,"column":41}},"70":{"start":{"line":71,"column":0},"end":{"line":71,"column":0}},"71":{"start":{"line":72,"column":0},"end":{"line":72,"column":15}},"72":{"start":{"line":73,"column":0},"end":{"line":73,"column":23}},"73":{"start":{"line":74,"column":0},"end":{"line":74,"column":14}},"74":{"start":{"line":75,"column":0},"end":{"line":75,"column":0}},"75":{"start":{"line":76,"column":0},"end":{"line":76,"column":47}},"76":{"start":{"line":77,"column":0},"end":{"line":77,"column":33}},"77":{"start":{"line":78,"column":0},"end":{"line":78,"column":38}},"78":{"start":{"line":79,"column":0},"end":{"line":79,"column":27}},"79":{"start":{"line":80,"column":0},"end":{"line":80,"column":12}},"80":{"start":{"line":81,"column":0},"end":{"line":81,"column":5}},"81":{"start":{"line":82,"column":0},"end":{"line":82,"column":0}},"82":{"start":{"line":83,"column":0},"end":{"line":83,"column":23}},"83":{"start":{"line":84,"column":0},"end":{"line":84,"column":18}},"84":{"start":{"line":85,"column":0},"end":{"line":85,"column":12}},"85":{"start":{"line":86,"column":0},"end":{"line":86,"column":5}},"86":{"start":{"line":87,"column":0},"end":{"line":87,"column":0}},"87":{"start":{"line":88,"column":0},"end":{"line":88,"column":25}},"88":{"start":{"line":89,"column":0},"end":{"line":89,"column":3}},"89":{"start":{"line":90,"column":0},"end":{"line":90,"column":0}},"90":{"start":{"line":91,"column":0},"end":{"line":91,"column":5}},"91":{"start":{"line":92,"column":0},"end":{"line":92,"column":54}},"92":{"start":{"line":93,"column":0},"end":{"line":93,"column":5}},"93":{"start":{"line":94,"column":0},"end":{"line":94,"column":24}},"94":{"start":{"line":95,"column":0},"end":{"line":95,"column":34}},"95":{"start":{"line":96,"column":0},"end":{"line":96,"column":35}},"96":{"start":{"line":97,"column":0},"end":{"line":97,"column":3}},"97":{"start":{"line":98,"column":0},"end":{"line":98,"column":1}}},"s":{"0":0,"1":0,"2":0,"3":0,"4":0,"5":0,"6":0,"7":0,"8":0,"9":0,"10":0,"11":0,"12":0,"13":0,"14":0,"15":0,"16":0,"17":0,"18":0,"19":0,"20":0,"21":0,"22":0,"23":0,"24":0,"25":0,"26":0,"27":0,"28":0,"29":0,"30":0,"31":0,"32":0,"33":0,"34":0,"35":0,"36":0,"37":0,"38":0,"39":0,"40":0,"41":0,"42":0,"43":0,"44":0,"45":0,"46":0,"47":0,"48":0,"49":0,"50":0,"51":0,"52":0,"53":0,"54":0,"55":0,"56":0,"57":0,"58":0,"59":0,"60":0,"61":0,"62":0,"63":0,"64":0,"65":0,"66":0,"67":0,"68":0,"69":0,"70":0,"71":0,"72":0,"73":0,"74":0,"75":0,"76":0,"77":0,"78":0,"79":0,"80":0,"81":0,"82":0,"83":0,"84":0,"85":0,"86":0,"87":0,"88":0,"89":0,"90":0,"91":0,"92":0,"93":0,"94":0,"95":0,"96":0,"97":0},"branchMap":{"0":{"type":"branch","line":1,"loc":{"start":{"line":1,"column":0},"end":{"line":98,"column":1}},"locations":[{"start":{"line":1,"column":0},"end":{"line":98,"column":1}}]}},"b":{"0":[0]},"fnMap":{"0":{"name":"(empty-report)","decl":{"start":{"line":1,"column":0},"end":{"line":98,"column":1}},"loc":{"start":{"line":1,"column":0},"end":{"line":98,"column":1}},"line":1}},"f":{"0":0}}
,"/Users/henriktoth0517/Documents/ELTE - IK/S4/szofttech/safari_game/vitorlas-devs/src/safariModel.ts": {"path":"/Users/henriktoth0517/Documents/ELTE - IK/S4/szofttech/safari_game/vitorlas-devs/src/safariModel.ts","all":false,"statementMap":{"2":{"start":{"line":3,"column":0},"end":{"line":3,"column":35}},"3":{"start":{"line":4,"column":0},"end":{"line":4,"column":23}},"4":{"start":{"line":5,"column":0},"end":{"line":5,"column":37}},"5":{"start":{"line":6,"column":0},"end":{"line":6,"column":43}},"6":{"start":{"line":7,"column":0},"end":{"line":7,"column":43}},"7":{"start":{"line":8,"column":0},"end":{"line":8,"column":33}},"8":{"start":{"line":9,"column":0},"end":{"line":9,"column":39}},"9":{"start":{"line":10,"column":0},"end":{"line":10,"column":37}},"10":{"start":{"line":11,"column":0},"end":{"line":11,"column":37}},"11":{"start":{"line":12,"column":0},"end":{"line":12,"column":39}},"12":{"start":{"line":13,"column":0},"end":{"line":13,"column":31}},"13":{"start":{"line":14,"column":0},"end":{"line":14,"column":31}},"14":{"start":{"line":15,"column":0},"end":{"line":15,"column":8}},"20":{"start":{"line":21,"column":0},"end":{"line":21,"column":8}},"27":{"start":{"line":28,"column":0},"end":{"line":28,"column":31}},"32":{"start":{"line":33,"column":0},"end":{"line":33,"column":34}},"33":{"start":{"line":34,"column":0},"end":{"line":34,"column":28}},"34":{"start":{"line":35,"column":0},"end":{"line":35,"column":30}},"35":{"start":{"line":36,"column":0},"end":{"line":36,"column":25}},"36":{"start":{"line":37,"column":0},"end":{"line":37,"column":24}},"37":{"start":{"line":38,"column":0},"end":{"line":38,"column":26}},"38":{"start":{"line":39,"column":0},"end":{"line":39,"column":27}},"39":{"start":{"line":40,"column":0},"end":{"line":40,"column":26}},"40":{"start":{"line":41,"column":0},"end":{"line":41,"column":23}},"41":{"start":{"line":42,"column":0},"end":{"line":42,"column":24}},"42":{"start":{"line":43,"column":0},"end":{"line":43,"column":30}},"43":{"start":{"line":44,"column":0},"end":{"line":44,"column":35}},"44":{"start":{"line":45,"column":0},"end":{"line":45,"column":34}},"51":{"start":{"line":52,"column":0},"end":{"line":52,"column":27}},"52":{"start":{"line":53,"column":0},"end":{"line":53,"column":21}},"53":{"start":{"line":54,"column":0},"end":{"line":54,"column":3}},"60":{"start":{"line":61,"column":0},"end":{"line":61,"column":30}},"61":{"start":{"line":62,"column":0},"end":{"line":62,"column":26}
[...]
,"/Users/henriktoth0517/Documents/ELTE - IK/S4/szofttech/safari_game/vitorlas-devs/src/utils/load.ts": {"path":"/Users/henriktoth0517/Documents/ELTE - IK/S4/szofttech/safari_game/vitorlas-devs/src/utils/load.ts","all":false,"statementMap":{"0":{"start":{"line":1,"column":0},"end":{"line":1,"column":45}},"1":{"start":{"line":2,"column":0},"end":{"line":2,"column":59}},"14":{"start":{"line":15,"column":0},"end":{"line":15,"column":64}},"15":{"start":{"line":16,"column":0},"end":{"line":16,"column":30}},"16":{"start":{"line":17,"column":0},"end":{"line":17,"column":34}},"18":{"start":{"line":19,"column":0},"end":{"line":19,"column":51}},"20":{"start":{"line":21,"column":0},"end":{"line":21,"column":19}},"21":{"start":{"line":22,"column":0},"end":{"line":22,"column":60}},"23":{"start":{"line":24,"column":0},"end":{"line":24,"column":40}},"24":{"start":{"line":25,"column":0},"end":{"line":25,"column":38}},"26":{"start":{"line":27,"column":0},"end":{"line":27,"column":20}},"27":{"start":{"line":28,"column":0},"end":{"line":28,"column":94}},"29":{"start":{"line":30,"column":0},"end":{"line":30,"column":40}},"30":{"start":{"line":31,"column":0},"end":{"line":31,"column":26}},"31":{"start":{"line":32,"column":0},"end":{"line":32,"column":16}},"32":{"start":{"line":33,"column":0},"end":{"line":33,"column":42}},"33":{"start":{"line":34,"column":0},"end":{"line":34,"column":5}},"35":{"start":{"line":36,"column":0},"end":{"line":36,"column":27}},"36":{"start":{"line":37,"column":0},"end":{"line":37,"column":3}},"38":{"start":{"line":39,"column":0},"end":{"line":39,"column":35}},"40":{"start":{"line":41,"column":0},"end":{"line":41,"column":17}},"41":{"start":{"line":42,"column":0},"end":{"line":42,"column":1}},"46":{"start":{"line":47,"column":0},"end":{"line":47,"column":34}},"47":{"start":{"line":48,"column":0},"end":{"line":48,"column":19}},"48":{"start":{"line":49,"column":0},"end":{"line":49,"column":1}},"56":{"start":{"line":57,"column":0},"end":{"line":57,"column":63}},"57":{"start":{"line":58,"column":0},"end":{"line":58,"column":31}},"58":{"start":{"line":59,"column":0},"end":{"line":59,"column":50}},"60":{"start":{"line":61,"column":0},"end":{"line":61,"column":27}},"61":{"start":{"line":62,"column":0},"end":{"line":62,"column":22}},"62":{"start":{"line":63,"column":0},"end":{"line":63,"column":33}},"64":{"start":{"line":65,"column":0},"end":{"line":65,"column":14}},"65":{"start":{"line":66,"column":0},"end":{"line":66,"column":1}}},"s":{"0":1,"1":1,"14":30015,"15":30015,"16":30015,"18":257,"20":257,"21":30015,"23":257,"24":257,"26":30015,"27":3,"29":3,"30":9,"31":9,"32":7,"33":7,"35":3,"36":3,"38":257,"40":257,"41":257,"46":1,"47":71,"48":71,"56":1,"57":0,"58":0,"60":0,"61":0,"62":0,"64":0,"65":0},"branchMap":{"0":{"type":"branch","line":15,"loc":{"start":{"line":15,"column":0},"end":{"line":42,"column":1}},"locations":[{"start":{"line":15,"column":0},"end":{"line":42,"column":1}}]},"1":{"type":"branch","line":17,"loc":{"start":{"line":17,"column":4},"end":{"line":17,"column":34}},"locations":[{"start":{"line":17,"column":4},"end":{"line":17,"column":34}}]},"2":{"type":"branch","line":17,"loc":{"start":{"line":17,"column":33},"end":{"line":22,"column":10}},"locations":[{"start":{"line":17,"column":33},"end":{"line":22,"column":10}}]},"3":{"type":"branch","line":22,"loc":{"start":{"line":22,"column":4},"end":{"line":22,"column":60}},"locations":[{"start":{"line":22,"column":4},"end":{"line":22,"column":60}}]},"4":{"type":"branch","line":22,"loc":{"start":{"line":22,"column":59},"end":{"line":27,"column":19}},"locations":[{"start":{"line":22,"column":59},"end":{"line":27,"column":19}}]},"5":{"type":"branch","line":27,"loc":{"start":{"line":27,"column":19},"end":{"line":37,"column":3}},"locations":[{"start":{"line":27,"column":19},"end":{"line":37,"column":3}}]},"6":{"type":"branch","line":30,"loc":{"start":{"line":30,"column":39},"end":{"line":34,"column":5}},"locations":[{"start":{"line":30,"column":39},"end":{"line":34,"column":5}}]},"7":{"type":"branch","line":32,"loc":{"start":{"line":32,"column":8},"end":{"line":32,"column":16}},"locations":[{"start":{"line":32,"column":8},"end":{"line":32,"column":16}}]},"8":{"type":"branch","line":32,"loc":{"start":{"line":32,"column":8},"end":{"line":34,"column":5}},"locations":[{"start":{"line":32,"column":8},"end":{"line":34,"column":5}}]},"9":{"type":"branch","line":37,"loc":{"start":{"line":37,"column":2},"end":{"line":42,"column":1}},"locations":[{"start":{"line":37,"column":2},"end":{"line":42,"column":1}}]},"10":{"type":"branch","line":47,"loc":{"start":{"line":47,"column":7},"end":{"line":49,"column":1}},"locations":[{"start":{"line":47,"column":7},"end":{"line":49,"column":1}}]}},"b":{"0":[30015],"1":[29758],"2":[257],"3":[0],"4":[257],"5":[3],"6":[9],"7":[2],"8":[7],"9":[257],"10":[71]},"fnMap":{"0":{"name":"loadJson","decl":{"start":{"line":15,"column":0},"end":{"line":42,"column":1}},"loc":{"start":{"line":15,"column":0},"end":{"line":42,"column":1}},"line":15},"1":{"name":"clearJsonCache","decl":{"start":{"line":47,"column":7},"end":{"line":49,"column":1}},"loc":{"start":{"line":47,"column":7},"end":{"line":49,"column":1}},"line":47},"2":{"name":"loadImage","decl":{"start":{"line":57,"column":7},"end":{"line":66,"column":1}},"loc":{"start":{"line":57,"column":7},"end":{"line":66,"column":1}},"line":57}},"f":{"0":30015,"1":71,"2":0}}
,"/Users/henriktoth0517/Documents/ELTE - IK/S4/szofttech/safari_game/vitorlas-devs/src/utils/registry.ts": {"path":"/Users/henriktoth0517/Documents/ELTE - IK/S4/szofttech/safari_game/vitorlas-devs/src/utils/registry.ts","all":false,"statementMap":{"5":{"start":{"line":6,"column":0},"end":{"line":6,"column":36}},"8":{"start":{"line":9,"column":0},"end":{"line":9,"column":3}},"9":{"start":{"line":10,"column":0},"end":{"line":10,"column":41}},"12":{"start":{"line":13,"column":0},"end":{"line":13,"column":3}},"13":{"start":{"line":14,"column":0},"end":{"line":14,"column":41}},"16":{"start":{"line":17,"column":0},"end":{"line":17,"column":3}},"17":{"start":{"line":18,"column":0},"end":{"line":18,"column":36}},"20":{"start":{"line":21,"column":0},"end":{"line":21,"column":3}},"28":{"start":{"line":29,"column":0},"end":{"line":29,"column":34}},"29":{"start":{"line":30,"column":0},"end":{"line":30,"column":82}},"30":{"start":{"line":31,"column":0},"end":{"line":31,"column":32}},"31":{"start":{"line":32,"column":0},"end":{"line":32,"column":37}},"32":{"start":{"line":33,"column":0},"end":{"line":33,"column":3}},"33":{"start":{"line":34,"column":0},"end":{"line":34,"column":1}},"41":{"start":{"line":42,"column":0},"end":{"line":42,"column":39}},"42":{"start":{"line":43,"column":0},"end":{"line":43,"column":102}},"43":{"start":{"line":44,"column":0},"end":{"line":44,"column":32}},"44":{"start":{"line":45,"column":0},"end":{"line":45,"column":42}},"45":{"start":{"line":46,"column":0},"end":{"line":46,"column":3}},"46":{"start":{"line":47,"column":0},"end":{"line":47,"column":1}},"54":{"start":{"line":55,"column":0},"end":{"line":55,"column":39}},"55":{"start":{"line":56,"column":0},"end":{"line":56,"column":102}},"56":{"start":{"line":57,"column":0},"end":{"line":57,"column":32}},"57":{"start":{"line":58,"column":0},"end":{"line":58,"column":42}},"58":{"start":{"line":59,"column":0},"end":{"line":59,"column":3}},"59":{"start":{"line":60,"column":0},"end":{"line":60,"column":1}},"67":{"start":{"line":68,"column":0},"end":{"line":68,"column":34}},"68":{"start":{"line":69,"column":0},"end":{"line":69,"column":62}},"69":{"start":{"line":70,"column":0},"end":{"line":70,"column":32}},"70":{"start":{"line":71,"column":0},"end":{"line":71,"column":37}},"71":{"start":{"line":72,"column":0},"end":{"line":72,"column":3}},"72":{"start":{"line":73,"column":0},"end":{"line":73,"column":1}},"82":{"start":{"line":83,"column":0},"end":{"line":83,"column":27}},"83":{"start":{"line":84,"column":0},"end":{"line":84,"column":13}},"84":{"start":{"line":85,"column":0},"end":{"line":85,"column":16}},"85":{"start":{"line":86,"column":0},"end":{"line":86,"column":16}},"86":{"start":{"line":87,"column":0},"end":{"line":87,"column":16}},"87":{"start":{"line":88,"column":0},"end":{"line":88,"column":40}},"88":{"start":{"line":89,"column":0},"end":{"line":89,"column":47}},"89":{"start":{"line":90,"column":0},"end":{"line":90,"column":1}},"100":{"start":{"line":101,"column":0},"end":{"line":101,"column":32}},"101":{"start":{"line":102,"column":0},"end":{"line":102,"column":13}},"102":{"start":{"line":103,"column":0},"end":{"line":103,"column":16}},"103":{"start":{"line":104,"column":0},"end":{"line":104,"column":16}},"104":{"start":{"line":105,"column":0},"end":{"line":105,"column":20}},"105":{"start":{"line":106,"column":0},"end":{"line":106,"column":21}},"106":{"start":{"line":107,"column":0},"end":{"line":107,"column":50}},"107":{"start":{"line":108,"column":0},"end":{"line":108,"column":64}},"108":{"start":{"line":109,"column":0},"end":{"line":109,"column":1}},"119":{"start":{"line":120,"column":0},"end":{"line":120,"column":32}},"120":{"start":{"line":121,"column":0},"end":{"line":121,"column":13}},"121":{"start":{"line":122,"column":0},"end":{"line":122,"column":16}},"122":{"start":{"line":123,"column":0},"end":{"line":123,"column":16}},"123":{"start":{"line":124,"column":0},"end":{"line":124,"column":20}},"124":{"start":{"line":125,"column":0},"end":{"line":125,"column":21}},"125":{"start":{"line":126,"column":0},"end":{"line":126,"column":50}},"126":{"start":{"line":127,"column":0},"end":{"line":127,"column":64}},"127":{"start":{"line":128,"column":0},"end":{"line":128,"column":1}},"135":{"start":{"line":136,"column":0},"end":{"line":136,"column":53}},"136":{"start":{"line":137,"column":0},"end":{"line":137,"column":40}},"137":{"start":{"line":138,"column":0},"end":{"line":138,"column":43}},"138":{"start":{"line":139,"column":0},"end":{"line":139,"column":1}}},"s":{"5":1,"8":1,"9":1,"12":1,"13":1,"16":1,"17":1,"20":1,"28":1,"29":19,"30":19,"31":19,"32":19,"33":19,"41":1,"42":6,"43":6,"44":6,"45":6,"46":6,"54":1,"55":2,"56":2,"57":2,"58":2,"59":2,"67":1,"68":4,"69":4,"70":4,"71":4,"72":4,"82":1,"83":211,"84":211,"85":211,"86":211,"87":211,"88":211,"89":211,"100":1,"101":60,"102":60,"103":60,"104":60,"105":60,"106":60,"107":60,"108":60,"119":1,"120":60,"121":60,"122":60,"123":60,"124":60,"125":60,"126":60,"127":60,"135":1,"136":13,"137":13,"138":13},"branchMap":{"0":{"type":"branch","line":29,"loc":{"start":{"line":29,"column":7},"end":{"line":34,"column":1}},"locations":[{"start":{"line":29,"column":7},"end":{"line":34,"column":1}}]},"1":{"type":"branch","line":30,"loc":{"start":{"line":30,"column":9},"end":{"line":33,"column":3}},"locations":[{"start":{"line":30,"column":9},"end":{"line":33,"column":3}}]},"2":{"type":"branch","line":42,"loc":{"start":{"line":42,"column":7},"end":{"line":47,"column":1}},"locations":[{"start":{"line":42,"column":7},"end":{"line":47,"column":1}}]},"3":{"type":"branch","line":43,"loc":{"start":{"line":43,"column":9},"end":{"line":46,"column":3}},"locations":[{"start":{"line":43,"column":9},"end":{"line":46,"column":3}}]},"4":{"type":"branch","line":55,"loc":{"start":{"line":55,"column":7},"end":{"line":60,"column":1}},"locations":[{"start":{"line":55,"column":7},"end":{"line":60,"column":1}}]},"5":{"type":"branch","line":56,"loc":{"start":{"line":56,"column":9},"end":{"line":59,"column":3}},"locations":[{"start":{"line":56,"column":9},"end":{"line":59,"column":3}}]},"6":{"type":"branch","line":68,"loc":{"start":{"line":68,"column":7},"end":{"line":73,"column":1}},"locations":[{"start":{"line":68,"column":7},"end":{"line":73,"column":1}}]},"7":{"type":"branch","line":69,"loc":{"start":{"line":69,"column":9},"end":{"line":72,"column":3}},"locations":[{"start":{"line":69,"column":9},"end":{"line":72,"column":3}}]},"8":{"type":"branch","line":83,"loc":{"start":{"line":83,"column":7},"end":{"line":90,"column":1}},"locations":[{"start":{"line":83,"column":7},"end":{"line":90,"column":1}}]},"9":{"type":"branch","line":89,"loc":{"start":{"line":89,"column":9},"end":{"line":89,"column":43}},"locations":[{"start":{"line":89,"column":9},"end":{"line":89,"column":43}}]},"10":{"type":"branch","line":101,"loc":{"start":{"line":101,"column":7},"end":{"line":109,"column":1}},"locations":[{"start":{"line":101,"column":7},"end":{"line":109,"column":1}}]},"11":{"type":"branch","line":108,"loc":{"start":{"line":108,"column":9},"end":{"line":108,"column":60}},"locations":[{"start":{"line":108,"column":9},"end":{"line":108,"column":60}}]},"12":{"type":"branch","line":120,"loc":{"start":{"line":120,"column":7},"end":{"line":128,"column":1}},"locations":[{"start":{"line":120,"column":7},"end":{"line":128,"column":1}}]},"13":{"type":"branch","line":127,"loc":{"start":{"line":127,"column":9},"end":{"line":127,"column":60}},"locations":[{"start":{"line":127,"column":9},"end":{"line":127,"column":60}}]},"14":{"type":"branch","line":127,"loc":{"start":{"line":127,"column":56},"end":{"line":127,"column":64}},"locations":[{"start":{"line":127,"column":56},"end":{"line":127,"column":64}}]},"15":{"type":"branch","line":136,"loc":{"start":{"line":136,"column":7},"end":{"line":139,"column":1}},"locations":[{"start":{"line":136,"column":7},"end":{"line":139,"column":1}}]},"16":{"type":"branch","line":138,"loc":{"start":{"line":138,"column":35},"end":{"line":138,"column":43}},"locations":[{"start":{"line":138,"column":35},"end":{"line":138,"column":43}}]}},"b":{"0":[19],"1":[19],"2":[6],"3":[6],"4":[2],"5":[2],"6":[4],"7":[4],"8":[211],"9":[0],"10":[60],"11":[0],"12":[60],"13":[5],"14":[55],"15":[13],"16":[0]},"fnMap":{"0":{"name":"tile","decl":{"start":{"line":29,"column":7},"end":{"line":34,"column":1}},"loc":{"start":{"line":29,"column":7},"end":{"line":34,"column":1}},"line":29},"1":{"name":"herbivore","decl":{"start":{"line":42,"column":7},"end":{"line":47,"column":1}},"loc":{"start":{"line":42,"column":7},"end":{"line":47,"column":1}},"line":42},"2":{"name":"carnivore","decl":{"start":{"line":55,"column":7},"end":{"line":60,"column":1}},"loc":{"start":{"line":55,"column":7},"end":{"line":60,"column":1}},"line":55},"3":{"name":"goal","decl":{"start":{"line":68,"column":7},"end":{"line":73,"column":1}},"loc":{"start":{"line":68,"column":7},"end":{"line":73,"column":1}},"line":68},"4":{"name":"createTile","decl":{"start":{"line":83,"column":7},"end":{"line":90,"column":1}},"loc":{"start":{"line":83,"column":7},"end":{"line":90,"column":1}},"line":83},"5":{"name":"createHerbivore","decl":{"start":{"line":101,"column":7},"end":{"line":109,"column":1}},"loc":{"start":{"line":101,"column":7},"end":{"line":109,"column":1}},"line":101},"6":{"name":"createCarnivore","decl":{"start":{"line":120,"column":7},"end":{"line":128,"column":1}},"loc":{"start":{"line":120,"column":7},"end":{"line":128,"column":1}},"line":120},"7":{"name":"createGoal","decl":{"start":{"line":136,"column":7},"end":{"line":139,"column":1}},"loc":{"start":{"line":136,"column":7},"end":{"line":139,"column":1}},"line":136}},"f":{"0":19,"1":6,"2":2,"3":4,"4":211,"5":60,"6":60,"7":13}}
,"/Users/henriktoth0517/Documents/ELTE - IK/S4/szofttech/safari_game/vitorlas-devs/src/utils/signal.ts": {"path":"/Users/henriktoth0517/Documents/ELTE - IK/S4/szofttech/safari_game/vitorlas-devs/src/utils/signal.ts","all":false,"statementMap":{"11":{"start":{"line":12,"column":0},"end":{"line":12,"column":30}},"12":{"start":{"line":13,"column":0},"end":{"line":13,"column":45}},"19":{"start":{"line":20,"column":0},"end":{"line":20,"column":53}},"20":{"start":{"line":21,"column":0},"end":{"line":21,"column":33}},"21":{"start":{"line":22,"column":0},"end":{"line":22,"column":3}},"29":{"start":{"line":30,"column":0},"end":{"line":30,"column":44}},"30":{"start":{"line":31,"column":0},"end":{"line":31,"column":44}},"31":{"start":{"line":32,"column":0},"end":{"line":32,"column":29}},"32":{"start":{"line":33,"column":0},"end":{"line":33,"column":5}},"33":{"start":{"line":34,"column":0},"end":{"line":34,"column":3}},"34":{"start":{"line":35,"column":0},"end":{"line":35,"column":1}},"36":{"start":{"line":37,"column":0},"end":{"line":37,"column":52}},"37":{"start":{"line":38,"column":0},"end":{"line":38,"column":47}},"38":{"start":{"line":39,"column":0},"end":{"line":39,"column":46}},"39":{"start":{"line":40,"column":0},"end":{"line":40,"column":49}},"40":{"start":{"line":41,"column":0},"end":{"line":41,"column":52}},"41":{"start":{"line":42,"column":0},"end":{"line":42,"column":55}},"42":{"start":{"line":43,"column":0},"end":{"line":43,"column":49}},"43":{"start":{"line":44,"column":0},"end":{"line":44,"column":56}},"44":{"start":{"line":45,"column":0},"end":{"line":45,"column":54}},"45":{"start":{"line":46,"column":0},"end":{"line":46,"column":48}}},"s":{"11":1,"12":100,"19":100,"20":159,"21":159,"29":100,"30":135,"31":282,"32":282,"33":135,"34":100,"36":1,"37":1,"38":1,"39":1,"40":1,"41":1,"42":1,"43":1,"44":1,"45":1},"branchMap":{"0":{"type":"branch","line":12,"loc":{"start":{"line":12,"column":29},"end":{"line":35,"column":1}},"locations":[{"start":{"line":12,"column":29},"end":{"line":35,"column":1}}]},"1":{"type":"branch","line":20,"loc":{"start":{"line":20,"column":9},"end":{"line":22,"column":3}},"locations":[{"start":{"line":20,"column":9},"end":{"line":22,"column":3}}]},"2":{"type":"branch","line":30,"loc":{"start":{"line":30,"column":9},"end":{"line":34,"column":3}},"locations":[{"start":{"line":30,"column":9},"end":{"line":34,"column":3}}]},"3":{"type":"branch","line":31,"loc":{"start":{"line":31,"column":43},"end":{"line":33,"column":5}},"locations":[{"start":{"line":31,"column":43},"end":{"line":33,"column":5}}]}},"b":{"0":[100],"1":[159],"2":[135],"3":[282]},"fnMap":{"0":{"name":"<instance_members_initializer>","decl":{"start":{"line":12,"column":29},"end":{"line":35,"column":1}},"loc":{"start":{"line":12,"column":29},"end":{"line":35,"column":1}},"line":12},"1":{"name":"connect","decl":{"start":{"line":20,"column":9},"end":{"line":22,"column":3}},"loc":{"start":{"line":20,"column":9},"end":{"line":22,"column":3}},"line":20},"2":{"name":"emit","decl":{"start":{"line":30,"column":9},"end":{"line":34,"column":3}},"loc":{"start":{"line":30,"column":9},"end":{"line":34,"column":3}},"line":30}},"f":{"0":100,"1":159,"2":135}}
}
